<?xml version="1.0" encoding="UTF-8"?>
<robot generator="Robot 2.8.5 (Jython 2.5.3 on java1.7.0_67)" generated="20140917 19:49:27.577">
<suite source="C:\School-Fall 2014\CS310-SoftwareEngineering\jsu-mcis-cs310-tictactoe\acceptance\TicTacToeGUITests.txt" id="s1" name="TicTacToeGUITests">
<test id="s1-t1" name="Win Main Diagonally as X">
<kw type="kw" name="Start New Game">
<doc></doc>
<arguments>
</arguments>
<kw type="kw" name="SwingLibrary.Start Application">
<doc>Alias for `Launch Application` keyword</doc>
<arguments>
<arg>edu.jsu.mcis.TicTacToeGame</arg>
</arguments>
<status status="PASS" endtime="20140917 19:49:30.387" starttime="20140917 19:49:30.176"></status>
</kw>
<kw type="kw" name="SwingLibrary.Select Window">
<doc>Selects a window as current context and sets focus to it.</doc>
<arguments>
<arg>Tic Tac Toe</arg>
</arguments>
<status status="PASS" endtime="20140917 19:49:30.987" starttime="20140917 19:49:30.687"></status>
</kw>
<status status="PASS" endtime="20140917 19:49:30.990" starttime="20140917 19:49:30.167"></status>
</kw>
<kw type="kw" name="Mark Location">
<doc></doc>
<arguments>
<arg>1</arg>
<arg>1</arg>
</arguments>
<kw type="kw" name="${component} = BuiltIn.Catenate">
<doc>Catenates the given items together and returns the resulted string.</doc>
<arguments>
<arg>SEPARATOR=</arg>
<arg>Location</arg>
<arg>${row}</arg>
<arg>${col}</arg>
</arguments>
<msg timestamp="20140917 19:49:31.014" level="INFO">${component} = Location11</msg>
<status status="PASS" endtime="20140917 19:49:31.012" starttime="20140917 19:49:31.003"></status>
</kw>
<kw type="kw" name="SwingLibrary.Click On Component">
<doc>Clicks on a component.</doc>
<arguments>
<arg>${component}</arg>
</arguments>
<status status="PASS" endtime="20140917 19:49:31.157" starttime="20140917 19:49:31.017"></status>
</kw>
<status status="PASS" endtime="20140917 19:49:31.178" starttime="20140917 19:49:30.993"></status>
</kw>
<kw type="kw" name="Check Location">
<doc></doc>
<arguments>
<arg>1</arg>
<arg>1</arg>
<arg>X</arg>
</arguments>
<kw type="kw" name="${component} = BuiltIn.Catenate">
<doc>Catenates the given items together and returns the resulted string.</doc>
<arguments>
<arg>SEPARATOR=</arg>
<arg>Location</arg>
<arg>${row}</arg>
<arg>${col}</arg>
</arguments>
<msg timestamp="20140917 19:49:31.204" level="INFO">${component} = Location11</msg>
<status status="PASS" endtime="20140917 19:49:31.203" starttime="20140917 19:49:31.195"></status>
</kw>
<kw type="kw" name="SwingLibrary.Label Text Should Be">
<doc>Checks the equality of given text and the text displayed on a label.</doc>
<arguments>
<arg>${component}</arg>
<arg>${mark}</arg>
</arguments>
<status status="PASS" endtime="20140917 19:49:31.262" starttime="20140917 19:49:31.208"></status>
</kw>
<status status="PASS" endtime="20140917 19:49:31.264" starttime="20140917 19:49:31.185"></status>
</kw>
<kw type="kw" name="Mark Location">
<doc></doc>
<arguments>
<arg>0</arg>
<arg>1</arg>
</arguments>
<kw type="kw" name="${component} = BuiltIn.Catenate">
<doc>Catenates the given items together and returns the resulted string.</doc>
<arguments>
<arg>SEPARATOR=</arg>
<arg>Location</arg>
<arg>${row}</arg>
<arg>${col}</arg>
</arguments>
<msg timestamp="20140917 19:49:31.302" level="INFO">${component} = Location01</msg>
<status status="PASS" endtime="20140917 19:49:31.301" starttime="20140917 19:49:31.294"></status>
</kw>
<kw type="kw" name="SwingLibrary.Click On Component">
<doc>Clicks on a component.</doc>
<arguments>
<arg>${component}</arg>
</arguments>
<status status="PASS" endtime="20140917 19:49:31.328" starttime="20140917 19:49:31.306"></status>
</kw>
<status status="PASS" endtime="20140917 19:49:31.331" starttime="20140917 19:49:31.284"></status>
</kw>
<kw type="kw" name="Check Location">
<doc></doc>
<arguments>
<arg>0</arg>
<arg>1</arg>
<arg>O</arg>
</arguments>
<kw type="kw" name="${component} = BuiltIn.Catenate">
<doc>Catenates the given items together and returns the resulted string.</doc>
<arguments>
<arg>SEPARATOR=</arg>
<arg>Location</arg>
<arg>${row}</arg>
<arg>${col}</arg>
</arguments>
<msg timestamp="20140917 19:49:31.353" level="INFO">${component} = Location01</msg>
<status status="PASS" endtime="20140917 19:49:31.352" starttime="20140917 19:49:31.345"></status>
</kw>
<kw type="kw" name="SwingLibrary.Label Text Should Be">
<doc>Checks the equality of given text and the text displayed on a label.</doc>
<arguments>
<arg>${component}</arg>
<arg>${mark}</arg>
</arguments>
<status status="PASS" endtime="20140917 19:49:31.394" starttime="20140917 19:49:31.381"></status>
</kw>
<status status="PASS" endtime="20140917 19:49:31.396" starttime="20140917 19:49:31.334"></status>
</kw>
<kw type="kw" name="Mark Location">
<doc></doc>
<arguments>
<arg>0</arg>
<arg>0</arg>
</arguments>
<kw type="kw" name="${component} = BuiltIn.Catenate">
<doc>Catenates the given items together and returns the resulted string.</doc>
<arguments>
<arg>SEPARATOR=</arg>
<arg>Location</arg>
<arg>${row}</arg>
<arg>${col}</arg>
</arguments>
<msg timestamp="20140917 19:49:31.417" level="INFO">${component} = Location00</msg>
<status status="PASS" endtime="20140917 19:49:31.416" starttime="20140917 19:49:31.407"></status>
</kw>
<kw type="kw" name="SwingLibrary.Click On Component">
<doc>Clicks on a component.</doc>
<arguments>
<arg>${component}</arg>
</arguments>
<status status="PASS" endtime="20140917 19:49:31.442" starttime="20140917 19:49:31.420"></status>
</kw>
<status status="PASS" endtime="20140917 19:49:31.444" starttime="20140917 19:49:31.399"></status>
</kw>
<kw type="kw" name="Check Location">
<doc></doc>
<arguments>
<arg>0</arg>
<arg>0</arg>
<arg>X</arg>
</arguments>
<kw type="kw" name="${component} = BuiltIn.Catenate">
<doc>Catenates the given items together and returns the resulted string.</doc>
<arguments>
<arg>SEPARATOR=</arg>
<arg>Location</arg>
<arg>${row}</arg>
<arg>${col}</arg>
</arguments>
<msg timestamp="20140917 19:49:31.464" level="INFO">${component} = Location00</msg>
<status status="PASS" endtime="20140917 19:49:31.463" starttime="20140917 19:49:31.455"></status>
</kw>
<kw type="kw" name="SwingLibrary.Label Text Should Be">
<doc>Checks the equality of given text and the text displayed on a label.</doc>
<arguments>
<arg>${component}</arg>
<arg>${mark}</arg>
</arguments>
<status status="PASS" endtime="20140917 19:49:31.484" starttime="20140917 19:49:31.468"></status>
</kw>
<status status="PASS" endtime="20140917 19:49:31.487" starttime="20140917 19:49:31.447"></status>
</kw>
<kw type="kw" name="Mark Location">
<doc></doc>
<arguments>
<arg>0</arg>
<arg>2</arg>
</arguments>
<kw type="kw" name="${component} = BuiltIn.Catenate">
<doc>Catenates the given items together and returns the resulted string.</doc>
<arguments>
<arg>SEPARATOR=</arg>
<arg>Location</arg>
<arg>${row}</arg>
<arg>${col}</arg>
</arguments>
<msg timestamp="20140917 19:49:31.507" level="INFO">${component} = Location02</msg>
<status status="PASS" endtime="20140917 19:49:31.506" starttime="20140917 19:49:31.499"></status>
</kw>
<kw type="kw" name="SwingLibrary.Click On Component">
<doc>Clicks on a component.</doc>
<arguments>
<arg>${component}</arg>
</arguments>
<status status="PASS" endtime="20140917 19:49:31.533" starttime="20140917 19:49:31.511"></status>
</kw>
<status status="PASS" endtime="20140917 19:49:31.535" starttime="20140917 19:49:31.490"></status>
</kw>
<kw type="kw" name="Check Location">
<doc></doc>
<arguments>
<arg>0</arg>
<arg>2</arg>
<arg>O</arg>
</arguments>
<kw type="kw" name="${component} = BuiltIn.Catenate">
<doc>Catenates the given items together and returns the resulted string.</doc>
<arguments>
<arg>SEPARATOR=</arg>
<arg>Location</arg>
<arg>${row}</arg>
<arg>${col}</arg>
</arguments>
<msg timestamp="20140917 19:49:31.566" level="INFO">${component} = Location02</msg>
<status status="PASS" endtime="20140917 19:49:31.565" starttime="20140917 19:49:31.546"></status>
</kw>
<kw type="kw" name="SwingLibrary.Label Text Should Be">
<doc>Checks the equality of given text and the text displayed on a label.</doc>
<arguments>
<arg>${component}</arg>
<arg>${mark}</arg>
</arguments>
<status status="PASS" endtime="20140917 19:49:31.585" starttime="20140917 19:49:31.571"></status>
</kw>
<status status="PASS" endtime="20140917 19:49:31.588" starttime="20140917 19:49:31.538"></status>
</kw>
<kw type="kw" name="Mark Location">
<doc></doc>
<arguments>
<arg>2</arg>
<arg>2</arg>
</arguments>
<kw type="kw" name="${component} = BuiltIn.Catenate">
<doc>Catenates the given items together and returns the resulted string.</doc>
<arguments>
<arg>SEPARATOR=</arg>
<arg>Location</arg>
<arg>${row}</arg>
<arg>${col}</arg>
</arguments>
<msg timestamp="20140917 19:49:31.610" level="INFO">${component} = Location22</msg>
<status status="PASS" endtime="20140917 19:49:31.608" starttime="20140917 19:49:31.601"></status>
</kw>
<kw type="kw" name="SwingLibrary.Click On Component">
<doc>Clicks on a component.</doc>
<arguments>
<arg>${component}</arg>
</arguments>
<status status="PASS" endtime="20140917 19:49:31.662" starttime="20140917 19:49:31.613"></status>
</kw>
<status status="PASS" endtime="20140917 19:49:31.665" starttime="20140917 19:49:31.592"></status>
</kw>
<kw type="kw" name="Check Location">
<doc></doc>
<arguments>
<arg>2</arg>
<arg>2</arg>
<arg>X</arg>
</arguments>
<kw type="kw" name="${component} = BuiltIn.Catenate">
<doc>Catenates the given items together and returns the resulted string.</doc>
<arguments>
<arg>SEPARATOR=</arg>
<arg>Location</arg>
<arg>${row}</arg>
<arg>${col}</arg>
</arguments>
<msg timestamp="20140917 19:49:31.711" level="INFO">${component} = Location22</msg>
<status status="PASS" endtime="20140917 19:49:31.710" starttime="20140917 19:49:31.699"></status>
</kw>
<kw type="kw" name="SwingLibrary.Label Text Should Be">
<doc>Checks the equality of given text and the text displayed on a label.</doc>
<arguments>
<arg>${component}</arg>
<arg>${mark}</arg>
</arguments>
<status status="PASS" endtime="20140917 19:49:31.852" starttime="20140917 19:49:31.717"></status>
</kw>
<status status="PASS" endtime="20140917 19:49:31.854" starttime="20140917 19:49:31.682"></status>
</kw>
<kw type="kw" name="Winner Should Be">
<doc></doc>
<arguments>
<arg>X</arg>
</arguments>
<kw type="kw" name="SwingLibrary.Select Dialog">
<doc>Selects a dialog as current context and sets focus to it.</doc>
<arguments>
<arg>Game Over</arg>
</arguments>
<status status="PASS" endtime="20140917 19:49:31.940" starttime="20140917 19:49:31.867"></status>
</kw>
<kw type="kw" name="${message} = BuiltIn.Catenate">
<doc>Catenates the given items together and returns the resulted string.</doc>
<arguments>
<arg>The winner is</arg>
<arg>${winner}</arg>
</arguments>
<msg timestamp="20140917 19:49:31.967" level="INFO">${message} = The winner is X</msg>
<status status="PASS" endtime="20140917 19:49:31.966" starttime="20140917 19:49:31.961"></status>
</kw>
<kw type="kw" name="SwingLibrary.Label Text Should Be">
<doc>Checks the equality of given text and the text displayed on a label.</doc>
<arguments>
<arg>OptionPane.label</arg>
<arg>${message}</arg>
</arguments>
<status status="PASS" endtime="20140917 19:49:31.981" starttime="20140917 19:49:31.970"></status>
</kw>
<kw type="kw" name="SwingLibrary.Close Dialog">
<doc>Closes a dialog.</doc>
<arguments>
<arg>Game Over</arg>
</arguments>
<status status="PASS" endtime="20140917 19:49:32.006" starttime="20140917 19:49:31.984"></status>
</kw>
<kw type="kw" name="SwingLibrary.Close Window">
<doc>Closes a window.</doc>
<arguments>
<arg>Tic Tac Toe</arg>
</arguments>
<status status="PASS" endtime="20140917 19:49:32.182" starttime="20140917 19:49:32.013"></status>
</kw>
<status status="PASS" endtime="20140917 19:49:32.185" starttime="20140917 19:49:31.857"></status>
</kw>
<doc></doc>
<tags>
</tags>
<status status="PASS" critical="yes" endtime="20140917 19:49:32.191" starttime="20140917 19:49:30.157"></status>
</test>
<test id="s1-t2" name="Win Reverse Diagonally as O">
<kw type="kw" name="Start New Game">
<doc></doc>
<arguments>
</arguments>
<kw type="kw" name="SwingLibrary.Start Application">
<doc>Alias for `Launch Application` keyword</doc>
<arguments>
<arg>edu.jsu.mcis.TicTacToeGame</arg>
</arguments>
<status status="PASS" endtime="20140917 19:49:32.285" starttime="20140917 19:49:32.231"></status>
</kw>
<kw type="kw" name="SwingLibrary.Select Window">
<doc>Selects a window as current context and sets focus to it.</doc>
<arguments>
<arg>Tic Tac Toe</arg>
</arguments>
<status status="PASS" endtime="20140917 19:49:32.331" starttime="20140917 19:49:32.288"></status>
</kw>
<status status="PASS" endtime="20140917 19:49:32.334" starttime="20140917 19:49:32.225"></status>
</kw>
<kw type="kw" name="Mark Location">
<doc></doc>
<arguments>
<arg>0</arg>
<arg>1</arg>
</arguments>
<kw type="kw" name="${component} = BuiltIn.Catenate">
<doc>Catenates the given items together and returns the resulted string.</doc>
<arguments>
<arg>SEPARATOR=</arg>
<arg>Location</arg>
<arg>${row}</arg>
<arg>${col}</arg>
</arguments>
<msg timestamp="20140917 19:49:32.353" level="INFO">${component} = Location01</msg>
<status status="PASS" endtime="20140917 19:49:32.352" starttime="20140917 19:49:32.344"></status>
</kw>
<kw type="kw" name="SwingLibrary.Click On Component">
<doc>Clicks on a component.</doc>
<arguments>
<arg>${component}</arg>
</arguments>
<status status="PASS" endtime="20140917 19:49:32.391" starttime="20140917 19:49:32.359"></status>
</kw>
<status status="PASS" endtime="20140917 19:49:32.394" starttime="20140917 19:49:32.336"></status>
</kw>
<kw type="kw" name="Check Location">
<doc></doc>
<arguments>
<arg>0</arg>
<arg>1</arg>
<arg>X</arg>
</arguments>
<kw type="kw" name="${component} = BuiltIn.Catenate">
<doc>Catenates the given items together and returns the resulted string.</doc>
<arguments>
<arg>SEPARATOR=</arg>
<arg>Location</arg>
<arg>${row}</arg>
<arg>${col}</arg>
</arguments>
<msg timestamp="20140917 19:49:32.417" level="INFO">${component} = Location01</msg>
<status status="PASS" endtime="20140917 19:49:32.416" starttime="20140917 19:49:32.408"></status>
</kw>
<kw type="kw" name="SwingLibrary.Label Text Should Be">
<doc>Checks the equality of given text and the text displayed on a label.</doc>
<arguments>
<arg>${component}</arg>
<arg>${mark}</arg>
</arguments>
<status status="PASS" endtime="20140917 19:49:32.433" starttime="20140917 19:49:32.421"></status>
</kw>
<status status="PASS" endtime="20140917 19:49:32.436" starttime="20140917 19:49:32.398"></status>
</kw>
<kw type="kw" name="Mark Location">
<doc></doc>
<arguments>
<arg>1</arg>
<arg>1</arg>
</arguments>
<kw type="kw" name="${component} = BuiltIn.Catenate">
<doc>Catenates the given items together and returns the resulted string.</doc>
<arguments>
<arg>SEPARATOR=</arg>
<arg>Location</arg>
<arg>${row}</arg>
<arg>${col}</arg>
</arguments>
<msg timestamp="20140917 19:49:32.461" level="INFO">${component} = Location11</msg>
<status status="PASS" endtime="20140917 19:49:32.457" starttime="20140917 19:49:32.450"></status>
</kw>
<kw type="kw" name="SwingLibrary.Click On Component">
<doc>Clicks on a component.</doc>
<arguments>
<arg>${component}</arg>
</arguments>
<status status="PASS" endtime="20140917 19:49:32.487" starttime="20140917 19:49:32.464"></status>
</kw>
<status status="PASS" endtime="20140917 19:49:32.489" starttime="20140917 19:49:32.440"></status>
</kw>
<kw type="kw" name="Check Location">
<doc></doc>
<arguments>
<arg>1</arg>
<arg>1</arg>
<arg>O</arg>
</arguments>
<kw type="kw" name="${component} = BuiltIn.Catenate">
<doc>Catenates the given items together and returns the resulted string.</doc>
<arguments>
<arg>SEPARATOR=</arg>
<arg>Location</arg>
<arg>${row}</arg>
<arg>${col}</arg>
</arguments>
<msg timestamp="20140917 19:49:32.512" level="INFO">${component} = Location11</msg>
<status status="PASS" endtime="20140917 19:49:32.510" starttime="20140917 19:49:32.500"></status>
</kw>
<kw type="kw" name="SwingLibrary.Label Text Should Be">
<doc>Checks the equality of given text and the text displayed on a label.</doc>
<arguments>
<arg>${component}</arg>
<arg>${mark}</arg>
</arguments>
<status status="PASS" endtime="20140917 19:49:32.529" starttime="20140917 19:49:32.515"></status>
</kw>
<status status="PASS" endtime="20140917 19:49:32.531" starttime="20140917 19:49:32.492"></status>
</kw>
<kw type="kw" name="Mark Location">
<doc></doc>
<arguments>
<arg>0</arg>
<arg>0</arg>
</arguments>
<kw type="kw" name="${component} = BuiltIn.Catenate">
<doc>Catenates the given items together and returns the resulted string.</doc>
<arguments>
<arg>SEPARATOR=</arg>
<arg>Location</arg>
<arg>${row}</arg>
<arg>${col}</arg>
</arguments>
<msg timestamp="20140917 19:49:32.561" level="INFO">${component} = Location00</msg>
<status status="PASS" endtime="20140917 19:49:32.560" starttime="20140917 19:49:32.542"></status>
</kw>
<kw type="kw" name="SwingLibrary.Click On Component">
<doc>Clicks on a component.</doc>
<arguments>
<arg>${component}</arg>
</arguments>
<status status="PASS" endtime="20140917 19:49:32.582" starttime="20140917 19:49:32.564"></status>
</kw>
<status status="PASS" endtime="20140917 19:49:32.584" starttime="20140917 19:49:32.534"></status>
</kw>
<kw type="kw" name="Check Location">
<doc></doc>
<arguments>
<arg>0</arg>
<arg>0</arg>
<arg>X</arg>
</arguments>
<kw type="kw" name="${component} = BuiltIn.Catenate">
<doc>Catenates the given items together and returns the resulted string.</doc>
<arguments>
<arg>SEPARATOR=</arg>
<arg>Location</arg>
<arg>${row}</arg>
<arg>${col}</arg>
</arguments>
<msg timestamp="20140917 19:49:32.603" level="INFO">${component} = Location00</msg>
<status status="PASS" endtime="20140917 19:49:32.602" starttime="20140917 19:49:32.595"></status>
</kw>
<kw type="kw" name="SwingLibrary.Label Text Should Be">
<doc>Checks the equality of given text and the text displayed on a label.</doc>
<arguments>
<arg>${component}</arg>
<arg>${mark}</arg>
</arguments>
<status status="PASS" endtime="20140917 19:49:32.617" starttime="20140917 19:49:32.606"></status>
</kw>
<status status="PASS" endtime="20140917 19:49:32.619" starttime="20140917 19:49:32.587"></status>
</kw>
<kw type="kw" name="Mark Location">
<doc></doc>
<arguments>
<arg>0</arg>
<arg>2</arg>
</arguments>
<kw type="kw" name="${component} = BuiltIn.Catenate">
<doc>Catenates the given items together and returns the resulted string.</doc>
<arguments>
<arg>SEPARATOR=</arg>
<arg>Location</arg>
<arg>${row}</arg>
<arg>${col}</arg>
</arguments>
<msg timestamp="20140917 19:49:32.639" level="INFO">${component} = Location02</msg>
<status status="PASS" endtime="20140917 19:49:32.638" starttime="20140917 19:49:32.632"></status>
</kw>
<kw type="kw" name="SwingLibrary.Click On Component">
<doc>Clicks on a component.</doc>
<arguments>
<arg>${component}</arg>
</arguments>
<status status="PASS" endtime="20140917 19:49:32.665" starttime="20140917 19:49:32.644"></status>
</kw>
<status status="PASS" endtime="20140917 19:49:32.668" starttime="20140917 19:49:32.622"></status>
</kw>
<kw type="kw" name="Check Location">
<doc></doc>
<arguments>
<arg>0</arg>
<arg>2</arg>
<arg>O</arg>
</arguments>
<kw type="kw" name="${component} = BuiltIn.Catenate">
<doc>Catenates the given items together and returns the resulted string.</doc>
<arguments>
<arg>SEPARATOR=</arg>
<arg>Location</arg>
<arg>${row}</arg>
<arg>${col}</arg>
</arguments>
<msg timestamp="20140917 19:49:32.686" level="INFO">${component} = Location02</msg>
<status status="PASS" endtime="20140917 19:49:32.685" starttime="20140917 19:49:32.678"></status>
</kw>
<kw type="kw" name="SwingLibrary.Label Text Should Be">
<doc>Checks the equality of given text and the text displayed on a label.</doc>
<arguments>
<arg>${component}</arg>
<arg>${mark}</arg>
</arguments>
<status status="PASS" endtime="20140917 19:49:32.701" starttime="20140917 19:49:32.689"></status>
</kw>
<status status="PASS" endtime="20140917 19:49:32.703" starttime="20140917 19:49:32.670"></status>
</kw>
<kw type="kw" name="Mark Location">
<doc></doc>
<arguments>
<arg>1</arg>
<arg>0</arg>
</arguments>
<kw type="kw" name="${component} = BuiltIn.Catenate">
<doc>Catenates the given items together and returns the resulted string.</doc>
<arguments>
<arg>SEPARATOR=</arg>
<arg>Location</arg>
<arg>${row}</arg>
<arg>${col}</arg>
</arguments>
<msg timestamp="20140917 19:49:32.722" level="INFO">${component} = Location10</msg>
<status status="PASS" endtime="20140917 19:49:32.721" starttime="20140917 19:49:32.714"></status>
</kw>
<kw type="kw" name="SwingLibrary.Click On Component">
<doc>Clicks on a component.</doc>
<arguments>
<arg>${component}</arg>
</arguments>
<status status="PASS" endtime="20140917 19:49:32.744" starttime="20140917 19:49:32.725"></status>
</kw>
<status status="PASS" endtime="20140917 19:49:32.746" starttime="20140917 19:49:32.707"></status>
</kw>
<kw type="kw" name="Check Location">
<doc></doc>
<arguments>
<arg>1</arg>
<arg>0</arg>
<arg>X</arg>
</arguments>
<kw type="kw" name="${component} = BuiltIn.Catenate">
<doc>Catenates the given items together and returns the resulted string.</doc>
<arguments>
<arg>SEPARATOR=</arg>
<arg>Location</arg>
<arg>${row}</arg>
<arg>${col}</arg>
</arguments>
<msg timestamp="20140917 19:49:32.765" level="INFO">${component} = Location10</msg>
<status status="PASS" endtime="20140917 19:49:32.764" starttime="20140917 19:49:32.757"></status>
</kw>
<kw type="kw" name="SwingLibrary.Label Text Should Be">
<doc>Checks the equality of given text and the text displayed on a label.</doc>
<arguments>
<arg>${component}</arg>
<arg>${mark}</arg>
</arguments>
<status status="PASS" endtime="20140917 19:49:32.790" starttime="20140917 19:49:32.768"></status>
</kw>
<status status="PASS" endtime="20140917 19:49:32.793" starttime="20140917 19:49:32.749"></status>
</kw>
<kw type="kw" name="Mark Location">
<doc></doc>
<arguments>
<arg>2</arg>
<arg>0</arg>
</arguments>
<kw type="kw" name="${component} = BuiltIn.Catenate">
<doc>Catenates the given items together and returns the resulted string.</doc>
<arguments>
<arg>SEPARATOR=</arg>
<arg>Location</arg>
<arg>${row}</arg>
<arg>${col}</arg>
</arguments>
<msg timestamp="20140917 19:49:32.811" level="INFO">${component} = Location20</msg>
<status status="PASS" endtime="20140917 19:49:32.809" starttime="20140917 19:49:32.802"></status>
</kw>
<kw type="kw" name="SwingLibrary.Click On Component">
<doc>Clicks on a component.</doc>
<arguments>
<arg>${component}</arg>
</arguments>
<status status="PASS" endtime="20140917 19:49:32.833" starttime="20140917 19:49:32.813"></status>
</kw>
<status status="PASS" endtime="20140917 19:49:32.838" starttime="20140917 19:49:32.795"></status>
</kw>
<kw type="kw" name="Check Location">
<doc></doc>
<arguments>
<arg>2</arg>
<arg>0</arg>
<arg>O</arg>
</arguments>
<kw type="kw" name="${component} = BuiltIn.Catenate">
<doc>Catenates the given items together and returns the resulted string.</doc>
<arguments>
<arg>SEPARATOR=</arg>
<arg>Location</arg>
<arg>${row}</arg>
<arg>${col}</arg>
</arguments>
<msg timestamp="20140917 19:49:32.866" level="INFO">${component} = Location20</msg>
<status status="PASS" endtime="20140917 19:49:32.864" starttime="20140917 19:49:32.849"></status>
</kw>
<kw type="kw" name="SwingLibrary.Label Text Should Be">
<doc>Checks the equality of given text and the text displayed on a label.</doc>
<arguments>
<arg>${component}</arg>
<arg>${mark}</arg>
</arguments>
<status status="PASS" endtime="20140917 19:49:32.920" starttime="20140917 19:49:32.873"></status>
</kw>
<status status="PASS" endtime="20140917 19:49:32.922" starttime="20140917 19:49:32.841"></status>
</kw>
<kw type="kw" name="Winner Should Be">
<doc></doc>
<arguments>
<arg>O</arg>
</arguments>
<kw type="kw" name="SwingLibrary.Select Dialog">
<doc>Selects a dialog as current context and sets focus to it.</doc>
<arguments>
<arg>Game Over</arg>
</arguments>
<status status="PASS" endtime="20140917 19:49:32.941" starttime="20140917 19:49:32.931"></status>
</kw>
<kw type="kw" name="${message} = BuiltIn.Catenate">
<doc>Catenates the given items together and returns the resulted string.</doc>
<arguments>
<arg>The winner is</arg>
<arg>${winner}</arg>
</arguments>
<msg timestamp="20140917 19:49:32.951" level="INFO">${message} = The winner is O</msg>
<status status="PASS" endtime="20140917 19:49:32.950" starttime="20140917 19:49:32.945"></status>
</kw>
<kw type="kw" name="SwingLibrary.Label Text Should Be">
<doc>Checks the equality of given text and the text displayed on a label.</doc>
<arguments>
<arg>OptionPane.label</arg>
<arg>${message}</arg>
</arguments>
<status status="PASS" endtime="20140917 19:49:32.966" starttime="20140917 19:49:32.954"></status>
</kw>
<kw type="kw" name="SwingLibrary.Close Dialog">
<doc>Closes a dialog.</doc>
<arguments>
<arg>Game Over</arg>
</arguments>
<status status="PASS" endtime="20140917 19:49:32.988" starttime="20140917 19:49:32.968"></status>
</kw>
<kw type="kw" name="SwingLibrary.Close Window">
<doc>Closes a window.</doc>
<arguments>
<arg>Tic Tac Toe</arg>
</arguments>
<status status="PASS" endtime="20140917 19:49:33.125" starttime="20140917 19:49:32.995"></status>
</kw>
<status status="PASS" endtime="20140917 19:49:33.129" starttime="20140917 19:49:32.925"></status>
</kw>
<doc></doc>
<tags>
</tags>
<status status="PASS" critical="yes" endtime="20140917 19:49:33.134" starttime="20140917 19:49:32.216"></status>
</test>
<test id="s1-t3" name="Win First Vertically as X">
<kw type="kw" name="Start New Game">
<doc></doc>
<arguments>
</arguments>
<kw type="kw" name="SwingLibrary.Start Application">
<doc>Alias for `Launch Application` keyword</doc>
<arguments>
<arg>edu.jsu.mcis.TicTacToeGame</arg>
</arguments>
<status status="PASS" endtime="20140917 19:49:33.199" starttime="20140917 19:49:33.156"></status>
</kw>
<kw type="kw" name="SwingLibrary.Select Window">
<doc>Selects a window as current context and sets focus to it.</doc>
<arguments>
<arg>Tic Tac Toe</arg>
</arguments>
<status status="PASS" endtime="20140917 19:49:33.252" starttime="20140917 19:49:33.202"></status>
</kw>
<status status="PASS" endtime="20140917 19:49:33.254" starttime="20140917 19:49:33.150"></status>
</kw>
<kw type="kw" name="Mark Location">
<doc></doc>
<arguments>
<arg>1</arg>
<arg>0</arg>
</arguments>
<kw type="kw" name="${component} = BuiltIn.Catenate">
<doc>Catenates the given items together and returns the resulted string.</doc>
<arguments>
<arg>SEPARATOR=</arg>
<arg>Location</arg>
<arg>${row}</arg>
<arg>${col}</arg>
</arguments>
<msg timestamp="20140917 19:49:33.293" level="INFO">${component} = Location10</msg>
<status status="PASS" endtime="20140917 19:49:33.292" starttime="20140917 19:49:33.285"></status>
</kw>
<kw type="kw" name="SwingLibrary.Click On Component">
<doc>Clicks on a component.</doc>
<arguments>
<arg>${component}</arg>
</arguments>
<status status="PASS" endtime="20140917 19:49:33.324" starttime="20140917 19:49:33.299"></status>
</kw>
<status status="PASS" endtime="20140917 19:49:33.330" starttime="20140917 19:49:33.257"></status>
</kw>
<kw type="kw" name="Check Location">
<doc></doc>
<arguments>
<arg>1</arg>
<arg>0</arg>
<arg>X</arg>
</arguments>
<kw type="kw" name="${component} = BuiltIn.Catenate">
<doc>Catenates the given items together and returns the resulted string.</doc>
<arguments>
<arg>SEPARATOR=</arg>
<arg>Location</arg>
<arg>${row}</arg>
<arg>${col}</arg>
</arguments>
<msg timestamp="20140917 19:49:33.355" level="INFO">${component} = Location10</msg>
<status status="PASS" endtime="20140917 19:49:33.354" starttime="20140917 19:49:33.347"></status>
</kw>
<kw type="kw" name="SwingLibrary.Label Text Should Be">
<doc>Checks the equality of given text and the text displayed on a label.</doc>
<arguments>
<arg>${component}</arg>
<arg>${mark}</arg>
</arguments>
<status status="PASS" endtime="20140917 19:49:33.371" starttime="20140917 19:49:33.360"></status>
</kw>
<status status="PASS" endtime="20140917 19:49:33.378" starttime="20140917 19:49:33.333"></status>
</kw>
<kw type="kw" name="Mark Location">
<doc></doc>
<arguments>
<arg>2</arg>
<arg>1</arg>
</arguments>
<kw type="kw" name="${component} = BuiltIn.Catenate">
<doc>Catenates the given items together and returns the resulted string.</doc>
<arguments>
<arg>SEPARATOR=</arg>
<arg>Location</arg>
<arg>${row}</arg>
<arg>${col}</arg>
</arguments>
<msg timestamp="20140917 19:49:33.397" level="INFO">${component} = Location21</msg>
<status status="PASS" endtime="20140917 19:49:33.395" starttime="20140917 19:49:33.387"></status>
</kw>
<kw type="kw" name="SwingLibrary.Click On Component">
<doc>Clicks on a component.</doc>
<arguments>
<arg>${component}</arg>
</arguments>
<status status="PASS" endtime="20140917 19:49:33.423" starttime="20140917 19:49:33.400"></status>
</kw>
<status status="PASS" endtime="20140917 19:49:33.425" starttime="20140917 19:49:33.380"></status>
</kw>
<kw type="kw" name="Check Location">
<doc></doc>
<arguments>
<arg>2</arg>
<arg>1</arg>
<arg>O</arg>
</arguments>
<kw type="kw" name="${component} = BuiltIn.Catenate">
<doc>Catenates the given items together and returns the resulted string.</doc>
<arguments>
<arg>SEPARATOR=</arg>
<arg>Location</arg>
<arg>${row}</arg>
<arg>${col}</arg>
</arguments>
<msg timestamp="20140917 19:49:33.446" level="INFO">${component} = Location21</msg>
<status status="PASS" endtime="20140917 19:49:33.444" starttime="20140917 19:49:33.437"></status>
</kw>
<kw type="kw" name="SwingLibrary.Label Text Should Be">
<doc>Checks the equality of given text and the text displayed on a label.</doc>
<arguments>
<arg>${component}</arg>
<arg>${mark}</arg>
</arguments>
<status status="PASS" endtime="20140917 19:49:33.461" starttime="20140917 19:49:33.449"></status>
</kw>
<status status="PASS" endtime="20140917 19:49:33.463" starttime="20140917 19:49:33.429"></status>
</kw>
<kw type="kw" name="Mark Location">
<doc></doc>
<arguments>
<arg>0</arg>
<arg>0</arg>
</arguments>
<kw type="kw" name="${component} = BuiltIn.Catenate">
<doc>Catenates the given items together and returns the resulted string.</doc>
<arguments>
<arg>SEPARATOR=</arg>
<arg>Location</arg>
<arg>${row}</arg>
<arg>${col}</arg>
</arguments>
<msg timestamp="20140917 19:49:33.481" level="INFO">${component} = Location00</msg>
<status status="PASS" endtime="20140917 19:49:33.480" starttime="20140917 19:49:33.472"></status>
</kw>
<kw type="kw" name="SwingLibrary.Click On Component">
<doc>Clicks on a component.</doc>
<arguments>
<arg>${component}</arg>
</arguments>
<status status="PASS" endtime="20140917 19:49:33.501" starttime="20140917 19:49:33.483"></status>
</kw>
<status status="PASS" endtime="20140917 19:49:33.504" starttime="20140917 19:49:33.466"></status>
</kw>
<kw type="kw" name="Check Location">
<doc></doc>
<arguments>
<arg>0</arg>
<arg>0</arg>
<arg>X</arg>
</arguments>
<kw type="kw" name="${component} = BuiltIn.Catenate">
<doc>Catenates the given items together and returns the resulted string.</doc>
<arguments>
<arg>SEPARATOR=</arg>
<arg>Location</arg>
<arg>${row}</arg>
<arg>${col}</arg>
</arguments>
<msg timestamp="20140917 19:49:33.532" level="INFO">${component} = Location00</msg>
<status status="PASS" endtime="20140917 19:49:33.530" starttime="20140917 19:49:33.516"></status>
</kw>
<kw type="kw" name="SwingLibrary.Label Text Should Be">
<doc>Checks the equality of given text and the text displayed on a label.</doc>
<arguments>
<arg>${component}</arg>
<arg>${mark}</arg>
</arguments>
<status status="PASS" endtime="20140917 19:49:33.547" starttime="20140917 19:49:33.535"></status>
</kw>
<status status="PASS" endtime="20140917 19:49:33.549" starttime="20140917 19:49:33.506"></status>
</kw>
<kw type="kw" name="Mark Location">
<doc></doc>
<arguments>
<arg>2</arg>
<arg>2</arg>
</arguments>
<kw type="kw" name="${component} = BuiltIn.Catenate">
<doc>Catenates the given items together and returns the resulted string.</doc>
<arguments>
<arg>SEPARATOR=</arg>
<arg>Location</arg>
<arg>${row}</arg>
<arg>${col}</arg>
</arguments>
<msg timestamp="20140917 19:49:33.566" level="INFO">${component} = Location22</msg>
<status status="PASS" endtime="20140917 19:49:33.565" starttime="20140917 19:49:33.558"></status>
</kw>
<kw type="kw" name="SwingLibrary.Click On Component">
<doc>Clicks on a component.</doc>
<arguments>
<arg>${component}</arg>
</arguments>
<status status="PASS" endtime="20140917 19:49:33.587" starttime="20140917 19:49:33.569"></status>
</kw>
<status status="PASS" endtime="20140917 19:49:33.589" starttime="20140917 19:49:33.552"></status>
</kw>
<kw type="kw" name="Check Location">
<doc></doc>
<arguments>
<arg>2</arg>
<arg>2</arg>
<arg>O</arg>
</arguments>
<kw type="kw" name="${component} = BuiltIn.Catenate">
<doc>Catenates the given items together and returns the resulted string.</doc>
<arguments>
<arg>SEPARATOR=</arg>
<arg>Location</arg>
<arg>${row}</arg>
<arg>${col}</arg>
</arguments>
<msg timestamp="20140917 19:49:33.606" level="INFO">${component} = Location22</msg>
<status status="PASS" endtime="20140917 19:49:33.605" starttime="20140917 19:49:33.599"></status>
</kw>
<kw type="kw" name="SwingLibrary.Label Text Should Be">
<doc>Checks the equality of given text and the text displayed on a label.</doc>
<arguments>
<arg>${component}</arg>
<arg>${mark}</arg>
</arguments>
<status status="PASS" endtime="20140917 19:49:33.620" starttime="20140917 19:49:33.610"></status>
</kw>
<status status="PASS" endtime="20140917 19:49:33.622" starttime="20140917 19:49:33.592"></status>
</kw>
<kw type="kw" name="Mark Location">
<doc></doc>
<arguments>
<arg>2</arg>
<arg>0</arg>
</arguments>
<kw type="kw" name="${component} = BuiltIn.Catenate">
<doc>Catenates the given items together and returns the resulted string.</doc>
<arguments>
<arg>SEPARATOR=</arg>
<arg>Location</arg>
<arg>${row}</arg>
<arg>${col}</arg>
</arguments>
<msg timestamp="20140917 19:49:33.640" level="INFO">${component} = Location20</msg>
<status status="PASS" endtime="20140917 19:49:33.639" starttime="20140917 19:49:33.633"></status>
</kw>
<kw type="kw" name="SwingLibrary.Click On Component">
<doc>Clicks on a component.</doc>
<arguments>
<arg>${component}</arg>
</arguments>
<status status="PASS" endtime="20140917 19:49:33.667" starttime="20140917 19:49:33.643"></status>
</kw>
<status status="PASS" endtime="20140917 19:49:33.670" starttime="20140917 19:49:33.626"></status>
</kw>
<kw type="kw" name="Check Location">
<doc></doc>
<arguments>
<arg>2</arg>
<arg>0</arg>
<arg>X</arg>
</arguments>
<kw type="kw" name="${component} = BuiltIn.Catenate">
<doc>Catenates the given items together and returns the resulted string.</doc>
<arguments>
<arg>SEPARATOR=</arg>
<arg>Location</arg>
<arg>${row}</arg>
<arg>${col}</arg>
</arguments>
<msg timestamp="20140917 19:49:33.695" level="INFO">${component} = Location20</msg>
<status status="PASS" endtime="20140917 19:49:33.694" starttime="20140917 19:49:33.687"></status>
</kw>
<kw type="kw" name="SwingLibrary.Label Text Should Be">
<doc>Checks the equality of given text and the text displayed on a label.</doc>
<arguments>
<arg>${component}</arg>
<arg>${mark}</arg>
</arguments>
<status status="PASS" endtime="20140917 19:49:33.747" starttime="20140917 19:49:33.697"></status>
</kw>
<status status="PASS" endtime="20140917 19:49:33.749" starttime="20140917 19:49:33.672"></status>
</kw>
<kw type="kw" name="Winner Should Be">
<doc></doc>
<arguments>
<arg>X</arg>
</arguments>
<kw type="kw" name="SwingLibrary.Select Dialog">
<doc>Selects a dialog as current context and sets focus to it.</doc>
<arguments>
<arg>Game Over</arg>
</arguments>
<status status="PASS" endtime="20140917 19:49:33.767" starttime="20140917 19:49:33.758"></status>
</kw>
<kw type="kw" name="${message} = BuiltIn.Catenate">
<doc>Catenates the given items together and returns the resulted string.</doc>
<arguments>
<arg>The winner is</arg>
<arg>${winner}</arg>
</arguments>
<msg timestamp="20140917 19:49:33.786" level="INFO">${message} = The winner is X</msg>
<status status="PASS" endtime="20140917 19:49:33.784" starttime="20140917 19:49:33.770"></status>
</kw>
<kw type="kw" name="SwingLibrary.Label Text Should Be">
<doc>Checks the equality of given text and the text displayed on a label.</doc>
<arguments>
<arg>OptionPane.label</arg>
<arg>${message}</arg>
</arguments>
<status status="PASS" endtime="20140917 19:49:33.802" starttime="20140917 19:49:33.789"></status>
</kw>
<kw type="kw" name="SwingLibrary.Close Dialog">
<doc>Closes a dialog.</doc>
<arguments>
<arg>Game Over</arg>
</arguments>
<status status="PASS" endtime="20140917 19:49:33.823" starttime="20140917 19:49:33.804"></status>
</kw>
<kw type="kw" name="SwingLibrary.Close Window">
<doc>Closes a window.</doc>
<arguments>
<arg>Tic Tac Toe</arg>
</arguments>
<status status="PASS" endtime="20140917 19:49:33.957" starttime="20140917 19:49:33.826"></status>
</kw>
<status status="PASS" endtime="20140917 19:49:33.962" starttime="20140917 19:49:33.752"></status>
</kw>
<doc></doc>
<tags>
</tags>
<status status="PASS" critical="yes" endtime="20140917 19:49:33.965" starttime="20140917 19:49:33.141"></status>
</test>
<test id="s1-t4" name="Win Second Vertically as X">
<kw type="kw" name="Start New Game">
<doc></doc>
<arguments>
</arguments>
<kw type="kw" name="SwingLibrary.Start Application">
<doc>Alias for `Launch Application` keyword</doc>
<arguments>
<arg>edu.jsu.mcis.TicTacToeGame</arg>
</arguments>
<status status="PASS" endtime="20140917 19:49:34.025" starttime="20140917 19:49:33.986"></status>
</kw>
<kw type="kw" name="SwingLibrary.Select Window">
<doc>Selects a window as current context and sets focus to it.</doc>
<arguments>
<arg>Tic Tac Toe</arg>
</arguments>
<status status="PASS" endtime="20140917 19:49:34.071" starttime="20140917 19:49:34.029"></status>
</kw>
<status status="PASS" endtime="20140917 19:49:34.073" starttime="20140917 19:49:33.981"></status>
</kw>
<kw type="kw" name="Mark Location">
<doc></doc>
<arguments>
<arg>1</arg>
<arg>1</arg>
</arguments>
<kw type="kw" name="${component} = BuiltIn.Catenate">
<doc>Catenates the given items together and returns the resulted string.</doc>
<arguments>
<arg>SEPARATOR=</arg>
<arg>Location</arg>
<arg>${row}</arg>
<arg>${col}</arg>
</arguments>
<msg timestamp="20140917 19:49:34.093" level="INFO">${component} = Location11</msg>
<status status="PASS" endtime="20140917 19:49:34.091" starttime="20140917 19:49:34.085"></status>
</kw>
<kw type="kw" name="SwingLibrary.Click On Component">
<doc>Clicks on a component.</doc>
<arguments>
<arg>${component}</arg>
</arguments>
<status status="PASS" endtime="20140917 19:49:34.120" starttime="20140917 19:49:34.096"></status>
</kw>
<status status="PASS" endtime="20140917 19:49:34.122" starttime="20140917 19:49:34.077"></status>
</kw>
<kw type="kw" name="Check Location">
<doc></doc>
<arguments>
<arg>1</arg>
<arg>1</arg>
<arg>X</arg>
</arguments>
<kw type="kw" name="${component} = BuiltIn.Catenate">
<doc>Catenates the given items together and returns the resulted string.</doc>
<arguments>
<arg>SEPARATOR=</arg>
<arg>Location</arg>
<arg>${row}</arg>
<arg>${col}</arg>
</arguments>
<msg timestamp="20140917 19:49:34.139" level="INFO">${component} = Location11</msg>
<status status="PASS" endtime="20140917 19:49:34.138" starttime="20140917 19:49:34.132"></status>
</kw>
<kw type="kw" name="SwingLibrary.Label Text Should Be">
<doc>Checks the equality of given text and the text displayed on a label.</doc>
<arguments>
<arg>${component}</arg>
<arg>${mark}</arg>
</arguments>
<status status="PASS" endtime="20140917 19:49:34.153" starttime="20140917 19:49:34.142"></status>
</kw>
<status status="PASS" endtime="20140917 19:49:34.155" starttime="20140917 19:49:34.125"></status>
</kw>
<kw type="kw" name="Mark Location">
<doc></doc>
<arguments>
<arg>2</arg>
<arg>0</arg>
</arguments>
<kw type="kw" name="${component} = BuiltIn.Catenate">
<doc>Catenates the given items together and returns the resulted string.</doc>
<arguments>
<arg>SEPARATOR=</arg>
<arg>Location</arg>
<arg>${row}</arg>
<arg>${col}</arg>
</arguments>
<msg timestamp="20140917 19:49:34.172" level="INFO">${component} = Location20</msg>
<status status="PASS" endtime="20140917 19:49:34.170" starttime="20140917 19:49:34.164"></status>
</kw>
<kw type="kw" name="SwingLibrary.Click On Component">
<doc>Clicks on a component.</doc>
<arguments>
<arg>${component}</arg>
</arguments>
<status status="PASS" endtime="20140917 19:49:34.193" starttime="20140917 19:49:34.174"></status>
</kw>
<status status="PASS" endtime="20140917 19:49:34.196" starttime="20140917 19:49:34.157"></status>
</kw>
<kw type="kw" name="Check Location">
<doc></doc>
<arguments>
<arg>2</arg>
<arg>0</arg>
<arg>O</arg>
</arguments>
<kw type="kw" name="${component} = BuiltIn.Catenate">
<doc>Catenates the given items together and returns the resulted string.</doc>
<arguments>
<arg>SEPARATOR=</arg>
<arg>Location</arg>
<arg>${row}</arg>
<arg>${col}</arg>
</arguments>
<msg timestamp="20140917 19:49:34.235" level="INFO">${component} = Location20</msg>
<status status="PASS" endtime="20140917 19:49:34.234" starttime="20140917 19:49:34.226"></status>
</kw>
<kw type="kw" name="SwingLibrary.Label Text Should Be">
<doc>Checks the equality of given text and the text displayed on a label.</doc>
<arguments>
<arg>${component}</arg>
<arg>${mark}</arg>
</arguments>
<status status="PASS" endtime="20140917 19:49:34.249" starttime="20140917 19:49:34.238"></status>
</kw>
<status status="PASS" endtime="20140917 19:49:34.251" starttime="20140917 19:49:34.213"></status>
</kw>
<kw type="kw" name="Mark Location">
<doc></doc>
<arguments>
<arg>0</arg>
<arg>1</arg>
</arguments>
<kw type="kw" name="${component} = BuiltIn.Catenate">
<doc>Catenates the given items together and returns the resulted string.</doc>
<arguments>
<arg>SEPARATOR=</arg>
<arg>Location</arg>
<arg>${row}</arg>
<arg>${col}</arg>
</arguments>
<msg timestamp="20140917 19:49:34.267" level="INFO">${component} = Location01</msg>
<status status="PASS" endtime="20140917 19:49:34.266" starttime="20140917 19:49:34.260"></status>
</kw>
<kw type="kw" name="SwingLibrary.Click On Component">
<doc>Clicks on a component.</doc>
<arguments>
<arg>${component}</arg>
</arguments>
<status status="PASS" endtime="20140917 19:49:34.290" starttime="20140917 19:49:34.270"></status>
</kw>
<status status="PASS" endtime="20140917 19:49:34.292" starttime="20140917 19:49:34.253"></status>
</kw>
<kw type="kw" name="Check Location">
<doc></doc>
<arguments>
<arg>0</arg>
<arg>1</arg>
<arg>X</arg>
</arguments>
<kw type="kw" name="${component} = BuiltIn.Catenate">
<doc>Catenates the given items together and returns the resulted string.</doc>
<arguments>
<arg>SEPARATOR=</arg>
<arg>Location</arg>
<arg>${row}</arg>
<arg>${col}</arg>
</arguments>
<msg timestamp="20140917 19:49:34.309" level="INFO">${component} = Location01</msg>
<status status="PASS" endtime="20140917 19:49:34.307" starttime="20140917 19:49:34.301"></status>
</kw>
<kw type="kw" name="SwingLibrary.Label Text Should Be">
<doc>Checks the equality of given text and the text displayed on a label.</doc>
<arguments>
<arg>${component}</arg>
<arg>${mark}</arg>
</arguments>
<status status="PASS" endtime="20140917 19:49:34.321" starttime="20140917 19:49:34.311"></status>
</kw>
<status status="PASS" endtime="20140917 19:49:34.323" starttime="20140917 19:49:34.295"></status>
</kw>
<kw type="kw" name="Mark Location">
<doc></doc>
<arguments>
<arg>2</arg>
<arg>2</arg>
</arguments>
<kw type="kw" name="${component} = BuiltIn.Catenate">
<doc>Catenates the given items together and returns the resulted string.</doc>
<arguments>
<arg>SEPARATOR=</arg>
<arg>Location</arg>
<arg>${row}</arg>
<arg>${col}</arg>
</arguments>
<msg timestamp="20140917 19:49:34.340" level="INFO">${component} = Location22</msg>
<status status="PASS" endtime="20140917 19:49:34.338" starttime="20140917 19:49:34.333"></status>
</kw>
<kw type="kw" name="SwingLibrary.Click On Component">
<doc>Clicks on a component.</doc>
<arguments>
<arg>${component}</arg>
</arguments>
<status status="PASS" endtime="20140917 19:49:34.362" starttime="20140917 19:49:34.343"></status>
</kw>
<status status="PASS" endtime="20140917 19:49:34.364" starttime="20140917 19:49:34.326"></status>
</kw>
<kw type="kw" name="Check Location">
<doc></doc>
<arguments>
<arg>2</arg>
<arg>2</arg>
<arg>O</arg>
</arguments>
<kw type="kw" name="${component} = BuiltIn.Catenate">
<doc>Catenates the given items together and returns the resulted string.</doc>
<arguments>
<arg>SEPARATOR=</arg>
<arg>Location</arg>
<arg>${row}</arg>
<arg>${col}</arg>
</arguments>
<msg timestamp="20140917 19:49:34.380" level="INFO">${component} = Location22</msg>
<status status="PASS" endtime="20140917 19:49:34.379" starttime="20140917 19:49:34.373"></status>
</kw>
<kw type="kw" name="SwingLibrary.Label Text Should Be">
<doc>Checks the equality of given text and the text displayed on a label.</doc>
<arguments>
<arg>${component}</arg>
<arg>${mark}</arg>
</arguments>
<status status="PASS" endtime="20140917 19:49:34.395" starttime="20140917 19:49:34.383"></status>
</kw>
<status status="PASS" endtime="20140917 19:49:34.397" starttime="20140917 19:49:34.366"></status>
</kw>
<kw type="kw" name="Mark Location">
<doc></doc>
<arguments>
<arg>2</arg>
<arg>1</arg>
</arguments>
<kw type="kw" name="${component} = BuiltIn.Catenate">
<doc>Catenates the given items together and returns the resulted string.</doc>
<arguments>
<arg>SEPARATOR=</arg>
<arg>Location</arg>
<arg>${row}</arg>
<arg>${col}</arg>
</arguments>
<msg timestamp="20140917 19:49:34.423" level="INFO">${component} = Location21</msg>
<status status="PASS" endtime="20140917 19:49:34.413" starttime="20140917 19:49:34.406"></status>
</kw>
<kw type="kw" name="SwingLibrary.Click On Component">
<doc>Clicks on a component.</doc>
<arguments>
<arg>${component}</arg>
</arguments>
<status status="PASS" endtime="20140917 19:49:34.446" starttime="20140917 19:49:34.426"></status>
</kw>
<status status="PASS" endtime="20140917 19:49:34.453" starttime="20140917 19:49:34.400"></status>
</kw>
<kw type="kw" name="Check Location">
<doc></doc>
<arguments>
<arg>2</arg>
<arg>1</arg>
<arg>X</arg>
</arguments>
<kw type="kw" name="${component} = BuiltIn.Catenate">
<doc>Catenates the given items together and returns the resulted string.</doc>
<arguments>
<arg>SEPARATOR=</arg>
<arg>Location</arg>
<arg>${row}</arg>
<arg>${col}</arg>
</arguments>
<msg timestamp="20140917 19:49:34.472" level="INFO">${component} = Location21</msg>
<status status="PASS" endtime="20140917 19:49:34.471" starttime="20140917 19:49:34.463"></status>
</kw>
<kw type="kw" name="SwingLibrary.Label Text Should Be">
<doc>Checks the equality of given text and the text displayed on a label.</doc>
<arguments>
<arg>${component}</arg>
<arg>${mark}</arg>
</arguments>
<status status="PASS" endtime="20140917 19:49:34.529" starttime="20140917 19:49:34.474"></status>
</kw>
<status status="PASS" endtime="20140917 19:49:34.531" starttime="20140917 19:49:34.456"></status>
</kw>
<kw type="kw" name="Winner Should Be">
<doc></doc>
<arguments>
<arg>X</arg>
</arguments>
<kw type="kw" name="SwingLibrary.Select Dialog">
<doc>Selects a dialog as current context and sets focus to it.</doc>
<arguments>
<arg>Game Over</arg>
</arguments>
<status status="PASS" endtime="20140917 19:49:34.550" starttime="20140917 19:49:34.540"></status>
</kw>
<kw type="kw" name="${message} = BuiltIn.Catenate">
<doc>Catenates the given items together and returns the resulted string.</doc>
<arguments>
<arg>The winner is</arg>
<arg>${winner}</arg>
</arguments>
<msg timestamp="20140917 19:49:34.562" level="INFO">${message} = The winner is X</msg>
<status status="PASS" endtime="20140917 19:49:34.557" starttime="20140917 19:49:34.552"></status>
</kw>
<kw type="kw" name="SwingLibrary.Label Text Should Be">
<doc>Checks the equality of given text and the text displayed on a label.</doc>
<arguments>
<arg>OptionPane.label</arg>
<arg>${message}</arg>
</arguments>
<status status="PASS" endtime="20140917 19:49:34.575" starttime="20140917 19:49:34.565"></status>
</kw>
<kw type="kw" name="SwingLibrary.Close Dialog">
<doc>Closes a dialog.</doc>
<arguments>
<arg>Game Over</arg>
</arguments>
<status status="PASS" endtime="20140917 19:49:34.593" starttime="20140917 19:49:34.577"></status>
</kw>
<kw type="kw" name="SwingLibrary.Close Window">
<doc>Closes a window.</doc>
<arguments>
<arg>Tic Tac Toe</arg>
</arguments>
<status status="PASS" endtime="20140917 19:49:34.730" starttime="20140917 19:49:34.595"></status>
</kw>
<status status="PASS" endtime="20140917 19:49:34.732" starttime="20140917 19:49:34.534"></status>
</kw>
<doc></doc>
<tags>
</tags>
<status status="PASS" critical="yes" endtime="20140917 19:49:34.735" starttime="20140917 19:49:33.972"></status>
</test>
<test id="s1-t5" name="Win Third Vertically as O">
<kw type="kw" name="Start New Game">
<doc></doc>
<arguments>
</arguments>
<kw type="kw" name="SwingLibrary.Start Application">
<doc>Alias for `Launch Application` keyword</doc>
<arguments>
<arg>edu.jsu.mcis.TicTacToeGame</arg>
</arguments>
<status status="PASS" endtime="20140917 19:49:34.810" starttime="20140917 19:49:34.757"></status>
</kw>
<kw type="kw" name="SwingLibrary.Select Window">
<doc>Selects a window as current context and sets focus to it.</doc>
<arguments>
<arg>Tic Tac Toe</arg>
</arguments>
<status status="PASS" endtime="20140917 19:49:34.866" starttime="20140917 19:49:34.813"></status>
</kw>
<status status="PASS" endtime="20140917 19:49:34.869" starttime="20140917 19:49:34.752"></status>
</kw>
<kw type="kw" name="Mark Location">
<doc></doc>
<arguments>
<arg>1</arg>
<arg>1</arg>
</arguments>
<kw type="kw" name="${component} = BuiltIn.Catenate">
<doc>Catenates the given items together and returns the resulted string.</doc>
<arguments>
<arg>SEPARATOR=</arg>
<arg>Location</arg>
<arg>${row}</arg>
<arg>${col}</arg>
</arguments>
<msg timestamp="20140917 19:49:34.889" level="INFO">${component} = Location11</msg>
<status status="PASS" endtime="20140917 19:49:34.887" starttime="20140917 19:49:34.882"></status>
</kw>
<kw type="kw" name="SwingLibrary.Click On Component">
<doc>Clicks on a component.</doc>
<arguments>
<arg>${component}</arg>
</arguments>
<status status="PASS" endtime="20140917 19:49:34.921" starttime="20140917 19:49:34.891"></status>
</kw>
<status status="PASS" endtime="20140917 19:49:34.923" starttime="20140917 19:49:34.872"></status>
</kw>
<kw type="kw" name="Check Location">
<doc></doc>
<arguments>
<arg>1</arg>
<arg>1</arg>
<arg>X</arg>
</arguments>
<kw type="kw" name="${component} = BuiltIn.Catenate">
<doc>Catenates the given items together and returns the resulted string.</doc>
<arguments>
<arg>SEPARATOR=</arg>
<arg>Location</arg>
<arg>${row}</arg>
<arg>${col}</arg>
</arguments>
<msg timestamp="20140917 19:49:34.939" level="INFO">${component} = Location11</msg>
<status status="PASS" endtime="20140917 19:49:34.938" starttime="20140917 19:49:34.932"></status>
</kw>
<kw type="kw" name="SwingLibrary.Label Text Should Be">
<doc>Checks the equality of given text and the text displayed on a label.</doc>
<arguments>
<arg>${component}</arg>
<arg>${mark}</arg>
</arguments>
<status status="PASS" endtime="20140917 19:49:34.956" starttime="20140917 19:49:34.942"></status>
</kw>
<status status="PASS" endtime="20140917 19:49:34.960" starttime="20140917 19:49:34.925"></status>
</kw>
<kw type="kw" name="Mark Location">
<doc></doc>
<arguments>
<arg>2</arg>
<arg>2</arg>
</arguments>
<kw type="kw" name="${component} = BuiltIn.Catenate">
<doc>Catenates the given items together and returns the resulted string.</doc>
<arguments>
<arg>SEPARATOR=</arg>
<arg>Location</arg>
<arg>${row}</arg>
<arg>${col}</arg>
</arguments>
<msg timestamp="20140917 19:49:34.979" level="INFO">${component} = Location22</msg>
<status status="PASS" endtime="20140917 19:49:34.977" starttime="20140917 19:49:34.970"></status>
</kw>
<kw type="kw" name="SwingLibrary.Click On Component">
<doc>Clicks on a component.</doc>
<arguments>
<arg>${component}</arg>
</arguments>
<status status="PASS" endtime="20140917 19:49:35.000" starttime="20140917 19:49:34.982"></status>
</kw>
<status status="PASS" endtime="20140917 19:49:35.005" starttime="20140917 19:49:34.963"></status>
</kw>
<kw type="kw" name="Check Location">
<doc></doc>
<arguments>
<arg>2</arg>
<arg>2</arg>
<arg>O</arg>
</arguments>
<kw type="kw" name="${component} = BuiltIn.Catenate">
<doc>Catenates the given items together and returns the resulted string.</doc>
<arguments>
<arg>SEPARATOR=</arg>
<arg>Location</arg>
<arg>${row}</arg>
<arg>${col}</arg>
</arguments>
<msg timestamp="20140917 19:49:35.022" level="INFO">${component} = Location22</msg>
<status status="PASS" endtime="20140917 19:49:35.021" starttime="20140917 19:49:35.015"></status>
</kw>
<kw type="kw" name="SwingLibrary.Label Text Should Be">
<doc>Checks the equality of given text and the text displayed on a label.</doc>
<arguments>
<arg>${component}</arg>
<arg>${mark}</arg>
</arguments>
<status status="PASS" endtime="20140917 19:49:35.035" starttime="20140917 19:49:35.025"></status>
</kw>
<status status="PASS" endtime="20140917 19:49:35.037" starttime="20140917 19:49:35.008"></status>
</kw>
<kw type="kw" name="Mark Location">
<doc></doc>
<arguments>
<arg>0</arg>
<arg>1</arg>
</arguments>
<kw type="kw" name="${component} = BuiltIn.Catenate">
<doc>Catenates the given items together and returns the resulted string.</doc>
<arguments>
<arg>SEPARATOR=</arg>
<arg>Location</arg>
<arg>${row}</arg>
<arg>${col}</arg>
</arguments>
<msg timestamp="20140917 19:49:35.054" level="INFO">${component} = Location01</msg>
<status status="PASS" endtime="20140917 19:49:35.053" starttime="20140917 19:49:35.047"></status>
</kw>
<kw type="kw" name="SwingLibrary.Click On Component">
<doc>Clicks on a component.</doc>
<arguments>
<arg>${component}</arg>
</arguments>
<status status="PASS" endtime="20140917 19:49:35.076" starttime="20140917 19:49:35.057"></status>
</kw>
<status status="PASS" endtime="20140917 19:49:35.078" starttime="20140917 19:49:35.040"></status>
</kw>
<kw type="kw" name="Check Location">
<doc></doc>
<arguments>
<arg>0</arg>
<arg>1</arg>
<arg>X</arg>
</arguments>
<kw type="kw" name="${component} = BuiltIn.Catenate">
<doc>Catenates the given items together and returns the resulted string.</doc>
<arguments>
<arg>SEPARATOR=</arg>
<arg>Location</arg>
<arg>${row}</arg>
<arg>${col}</arg>
</arguments>
<msg timestamp="20140917 19:49:35.095" level="INFO">${component} = Location01</msg>
<status status="PASS" endtime="20140917 19:49:35.093" starttime="20140917 19:49:35.087"></status>
</kw>
<kw type="kw" name="SwingLibrary.Label Text Should Be">
<doc>Checks the equality of given text and the text displayed on a label.</doc>
<arguments>
<arg>${component}</arg>
<arg>${mark}</arg>
</arguments>
<status status="PASS" endtime="20140917 19:49:35.108" starttime="20140917 19:49:35.097"></status>
</kw>
<status status="PASS" endtime="20140917 19:49:35.110" starttime="20140917 19:49:35.081"></status>
</kw>
<kw type="kw" name="Mark Location">
<doc></doc>
<arguments>
<arg>1</arg>
<arg>2</arg>
</arguments>
<kw type="kw" name="${component} = BuiltIn.Catenate">
<doc>Catenates the given items together and returns the resulted string.</doc>
<arguments>
<arg>SEPARATOR=</arg>
<arg>Location</arg>
<arg>${row}</arg>
<arg>${col}</arg>
</arguments>
<msg timestamp="20140917 19:49:35.134" level="INFO">${component} = Location12</msg>
<status status="PASS" endtime="20140917 19:49:35.133" starttime="20140917 19:49:35.127"></status>
</kw>
<kw type="kw" name="SwingLibrary.Click On Component">
<doc>Clicks on a component.</doc>
<arguments>
<arg>${component}</arg>
</arguments>
<status status="PASS" endtime="20140917 19:49:35.154" starttime="20140917 19:49:35.136"></status>
</kw>
<status status="PASS" endtime="20140917 19:49:35.156" starttime="20140917 19:49:35.120"></status>
</kw>
<kw type="kw" name="Check Location">
<doc></doc>
<arguments>
<arg>1</arg>
<arg>2</arg>
<arg>O</arg>
</arguments>
<kw type="kw" name="${component} = BuiltIn.Catenate">
<doc>Catenates the given items together and returns the resulted string.</doc>
<arguments>
<arg>SEPARATOR=</arg>
<arg>Location</arg>
<arg>${row}</arg>
<arg>${col}</arg>
</arguments>
<msg timestamp="20140917 19:49:35.172" level="INFO">${component} = Location12</msg>
<status status="PASS" endtime="20140917 19:49:35.171" starttime="20140917 19:49:35.165"></status>
</kw>
<kw type="kw" name="SwingLibrary.Label Text Should Be">
<doc>Checks the equality of given text and the text displayed on a label.</doc>
<arguments>
<arg>${component}</arg>
<arg>${mark}</arg>
</arguments>
<status status="PASS" endtime="20140917 19:49:35.185" starttime="20140917 19:49:35.175"></status>
</kw>
<status status="PASS" endtime="20140917 19:49:35.187" starttime="20140917 19:49:35.158"></status>
</kw>
<kw type="kw" name="Mark Location">
<doc></doc>
<arguments>
<arg>0</arg>
<arg>0</arg>
</arguments>
<kw type="kw" name="${component} = BuiltIn.Catenate">
<doc>Catenates the given items together and returns the resulted string.</doc>
<arguments>
<arg>SEPARATOR=</arg>
<arg>Location</arg>
<arg>${row}</arg>
<arg>${col}</arg>
</arguments>
<msg timestamp="20140917 19:49:35.203" level="INFO">${component} = Location00</msg>
<status status="PASS" endtime="20140917 19:49:35.202" starttime="20140917 19:49:35.196"></status>
</kw>
<kw type="kw" name="SwingLibrary.Click On Component">
<doc>Clicks on a component.</doc>
<arguments>
<arg>${component}</arg>
</arguments>
<status status="PASS" endtime="20140917 19:49:35.223" starttime="20140917 19:49:35.206"></status>
</kw>
<status status="PASS" endtime="20140917 19:49:35.225" starttime="20140917 19:49:35.190"></status>
</kw>
<kw type="kw" name="Check Location">
<doc></doc>
<arguments>
<arg>0</arg>
<arg>0</arg>
<arg>X</arg>
</arguments>
<kw type="kw" name="${component} = BuiltIn.Catenate">
<doc>Catenates the given items together and returns the resulted string.</doc>
<arguments>
<arg>SEPARATOR=</arg>
<arg>Location</arg>
<arg>${row}</arg>
<arg>${col}</arg>
</arguments>
<msg timestamp="20140917 19:49:35.242" level="INFO">${component} = Location00</msg>
<status status="PASS" endtime="20140917 19:49:35.240" starttime="20140917 19:49:35.235"></status>
</kw>
<kw type="kw" name="SwingLibrary.Label Text Should Be">
<doc>Checks the equality of given text and the text displayed on a label.</doc>
<arguments>
<arg>${component}</arg>
<arg>${mark}</arg>
</arguments>
<status status="PASS" endtime="20140917 19:49:35.254" starttime="20140917 19:49:35.244"></status>
</kw>
<status status="PASS" endtime="20140917 19:49:35.256" starttime="20140917 19:49:35.228"></status>
</kw>
<kw type="kw" name="Mark Location">
<doc></doc>
<arguments>
<arg>0</arg>
<arg>2</arg>
</arguments>
<kw type="kw" name="${component} = BuiltIn.Catenate">
<doc>Catenates the given items together and returns the resulted string.</doc>
<arguments>
<arg>SEPARATOR=</arg>
<arg>Location</arg>
<arg>${row}</arg>
<arg>${col}</arg>
</arguments>
<msg timestamp="20140917 19:49:35.272" level="INFO">${component} = Location02</msg>
<status status="PASS" endtime="20140917 19:49:35.271" starttime="20140917 19:49:35.265"></status>
</kw>
<kw type="kw" name="SwingLibrary.Click On Component">
<doc>Clicks on a component.</doc>
<arguments>
<arg>${component}</arg>
</arguments>
<status status="PASS" endtime="20140917 19:49:35.293" starttime="20140917 19:49:35.274"></status>
</kw>
<status status="PASS" endtime="20140917 19:49:35.295" starttime="20140917 19:49:35.259"></status>
</kw>
<kw type="kw" name="Check Location">
<doc></doc>
<arguments>
<arg>0</arg>
<arg>2</arg>
<arg>O</arg>
</arguments>
<kw type="kw" name="${component} = BuiltIn.Catenate">
<doc>Catenates the given items together and returns the resulted string.</doc>
<arguments>
<arg>SEPARATOR=</arg>
<arg>Location</arg>
<arg>${row}</arg>
<arg>${col}</arg>
</arguments>
<msg timestamp="20140917 19:49:35.328" level="INFO">${component} = Location02</msg>
<status status="PASS" endtime="20140917 19:49:35.327" starttime="20140917 19:49:35.310"></status>
</kw>
<kw type="kw" name="SwingLibrary.Label Text Should Be">
<doc>Checks the equality of given text and the text displayed on a label.</doc>
<arguments>
<arg>${component}</arg>
<arg>${mark}</arg>
</arguments>
<status status="PASS" endtime="20140917 19:49:35.377" starttime="20140917 19:49:35.331"></status>
</kw>
<status status="PASS" endtime="20140917 19:49:35.380" starttime="20140917 19:49:35.298"></status>
</kw>
<kw type="kw" name="Winner Should Be">
<doc></doc>
<arguments>
<arg>O</arg>
</arguments>
<kw type="kw" name="SwingLibrary.Select Dialog">
<doc>Selects a dialog as current context and sets focus to it.</doc>
<arguments>
<arg>Game Over</arg>
</arguments>
<status status="PASS" endtime="20140917 19:49:35.397" starttime="20140917 19:49:35.388"></status>
</kw>
<kw type="kw" name="${message} = BuiltIn.Catenate">
<doc>Catenates the given items together and returns the resulted string.</doc>
<arguments>
<arg>The winner is</arg>
<arg>${winner}</arg>
</arguments>
<msg timestamp="20140917 19:49:35.406" level="INFO">${message} = The winner is O</msg>
<status status="PASS" endtime="20140917 19:49:35.405" starttime="20140917 19:49:35.399"></status>
</kw>
<kw type="kw" name="SwingLibrary.Label Text Should Be">
<doc>Checks the equality of given text and the text displayed on a label.</doc>
<arguments>
<arg>OptionPane.label</arg>
<arg>${message}</arg>
</arguments>
<status status="PASS" endtime="20140917 19:49:35.424" starttime="20140917 19:49:35.411"></status>
</kw>
<kw type="kw" name="SwingLibrary.Close Dialog">
<doc>Closes a dialog.</doc>
<arguments>
<arg>Game Over</arg>
</arguments>
<status status="PASS" endtime="20140917 19:49:35.447" starttime="20140917 19:49:35.426"></status>
</kw>
<kw type="kw" name="SwingLibrary.Close Window">
<doc>Closes a window.</doc>
<arguments>
<arg>Tic Tac Toe</arg>
</arguments>
<status status="PASS" endtime="20140917 19:49:35.580" starttime="20140917 19:49:35.450"></status>
</kw>
<status status="PASS" endtime="20140917 19:49:35.581" starttime="20140917 19:49:35.382"></status>
</kw>
<doc></doc>
<tags>
</tags>
<status status="PASS" critical="yes" endtime="20140917 19:49:35.584" starttime="20140917 19:49:34.742"></status>
</test>
<test id="s1-t6" name="Win First Horizontally as X">
<kw type="kw" name="Start New Game">
<doc></doc>
<arguments>
</arguments>
<kw type="kw" name="SwingLibrary.Start Application">
<doc>Alias for `Launch Application` keyword</doc>
<arguments>
<arg>edu.jsu.mcis.TicTacToeGame</arg>
</arguments>
<status status="PASS" endtime="20140917 19:49:35.650" starttime="20140917 19:49:35.604"></status>
</kw>
<kw type="kw" name="SwingLibrary.Select Window">
<doc>Selects a window as current context and sets focus to it.</doc>
<arguments>
<arg>Tic Tac Toe</arg>
</arguments>
<status status="PASS" endtime="20140917 19:49:35.699" starttime="20140917 19:49:35.652"></status>
</kw>
<status status="PASS" endtime="20140917 19:49:35.702" starttime="20140917 19:49:35.599"></status>
</kw>
<kw type="kw" name="Mark Location">
<doc></doc>
<arguments>
<arg>0</arg>
<arg>0</arg>
</arguments>
<kw type="kw" name="${component} = BuiltIn.Catenate">
<doc>Catenates the given items together and returns the resulted string.</doc>
<arguments>
<arg>SEPARATOR=</arg>
<arg>Location</arg>
<arg>${row}</arg>
<arg>${col}</arg>
</arguments>
<msg timestamp="20140917 19:49:35.726" level="INFO">${component} = Location00</msg>
<status status="PASS" endtime="20140917 19:49:35.723" starttime="20140917 19:49:35.717"></status>
</kw>
<kw type="kw" name="SwingLibrary.Click On Component">
<doc>Clicks on a component.</doc>
<arguments>
<arg>${component}</arg>
</arguments>
<status status="PASS" endtime="20140917 19:49:35.750" starttime="20140917 19:49:35.728"></status>
</kw>
<status status="PASS" endtime="20140917 19:49:35.753" starttime="20140917 19:49:35.705"></status>
</kw>
<kw type="kw" name="Check Location">
<doc></doc>
<arguments>
<arg>0</arg>
<arg>0</arg>
<arg>X</arg>
</arguments>
<kw type="kw" name="${component} = BuiltIn.Catenate">
<doc>Catenates the given items together and returns the resulted string.</doc>
<arguments>
<arg>SEPARATOR=</arg>
<arg>Location</arg>
<arg>${row}</arg>
<arg>${col}</arg>
</arguments>
<msg timestamp="20140917 19:49:35.770" level="INFO">${component} = Location00</msg>
<status status="PASS" endtime="20140917 19:49:35.768" starttime="20140917 19:49:35.762"></status>
</kw>
<kw type="kw" name="SwingLibrary.Label Text Should Be">
<doc>Checks the equality of given text and the text displayed on a label.</doc>
<arguments>
<arg>${component}</arg>
<arg>${mark}</arg>
</arguments>
<status status="PASS" endtime="20140917 19:49:35.793" starttime="20140917 19:49:35.783"></status>
</kw>
<status status="PASS" endtime="20140917 19:49:35.795" starttime="20140917 19:49:35.755"></status>
</kw>
<kw type="kw" name="Mark Location">
<doc></doc>
<arguments>
<arg>1</arg>
<arg>1</arg>
</arguments>
<kw type="kw" name="${component} = BuiltIn.Catenate">
<doc>Catenates the given items together and returns the resulted string.</doc>
<arguments>
<arg>SEPARATOR=</arg>
<arg>Location</arg>
<arg>${row}</arg>
<arg>${col}</arg>
</arguments>
<msg timestamp="20140917 19:49:35.811" level="INFO">${component} = Location11</msg>
<status status="PASS" endtime="20140917 19:49:35.810" starttime="20140917 19:49:35.804"></status>
</kw>
<kw type="kw" name="SwingLibrary.Click On Component">
<doc>Clicks on a component.</doc>
<arguments>
<arg>${component}</arg>
</arguments>
<status status="PASS" endtime="20140917 19:49:35.836" starttime="20140917 19:49:35.814"></status>
</kw>
<status status="PASS" endtime="20140917 19:49:35.838" starttime="20140917 19:49:35.798"></status>
</kw>
<kw type="kw" name="Check Location">
<doc></doc>
<arguments>
<arg>1</arg>
<arg>1</arg>
<arg>O</arg>
</arguments>
<kw type="kw" name="${component} = BuiltIn.Catenate">
<doc>Catenates the given items together and returns the resulted string.</doc>
<arguments>
<arg>SEPARATOR=</arg>
<arg>Location</arg>
<arg>${row}</arg>
<arg>${col}</arg>
</arguments>
<msg timestamp="20140917 19:49:35.857" level="INFO">${component} = Location11</msg>
<status status="PASS" endtime="20140917 19:49:35.856" starttime="20140917 19:49:35.849"></status>
</kw>
<kw type="kw" name="SwingLibrary.Label Text Should Be">
<doc>Checks the equality of given text and the text displayed on a label.</doc>
<arguments>
<arg>${component}</arg>
<arg>${mark}</arg>
</arguments>
<status status="PASS" endtime="20140917 19:49:35.870" starttime="20140917 19:49:35.860"></status>
</kw>
<status status="PASS" endtime="20140917 19:49:35.872" starttime="20140917 19:49:35.843"></status>
</kw>
<kw type="kw" name="Mark Location">
<doc></doc>
<arguments>
<arg>0</arg>
<arg>1</arg>
</arguments>
<kw type="kw" name="${component} = BuiltIn.Catenate">
<doc>Catenates the given items together and returns the resulted string.</doc>
<arguments>
<arg>SEPARATOR=</arg>
<arg>Location</arg>
<arg>${row}</arg>
<arg>${col}</arg>
</arguments>
<msg timestamp="20140917 19:49:35.888" level="INFO">${component} = Location01</msg>
<status status="PASS" endtime="20140917 19:49:35.887" starttime="20140917 19:49:35.881"></status>
</kw>
<kw type="kw" name="SwingLibrary.Click On Component">
<doc>Clicks on a component.</doc>
<arguments>
<arg>${component}</arg>
</arguments>
<status status="PASS" endtime="20140917 19:49:35.914" starttime="20140917 19:49:35.891"></status>
</kw>
<status status="PASS" endtime="20140917 19:49:35.916" starttime="20140917 19:49:35.874"></status>
</kw>
<kw type="kw" name="Check Location">
<doc></doc>
<arguments>
<arg>0</arg>
<arg>1</arg>
<arg>X</arg>
</arguments>
<kw type="kw" name="${component} = BuiltIn.Catenate">
<doc>Catenates the given items together and returns the resulted string.</doc>
<arguments>
<arg>SEPARATOR=</arg>
<arg>Location</arg>
<arg>${row}</arg>
<arg>${col}</arg>
</arguments>
<msg timestamp="20140917 19:49:35.932" level="INFO">${component} = Location01</msg>
<status status="PASS" endtime="20140917 19:49:35.931" starttime="20140917 19:49:35.924"></status>
</kw>
<kw type="kw" name="SwingLibrary.Label Text Should Be">
<doc>Checks the equality of given text and the text displayed on a label.</doc>
<arguments>
<arg>${component}</arg>
<arg>${mark}</arg>
</arguments>
<status status="PASS" endtime="20140917 19:49:35.947" starttime="20140917 19:49:35.935"></status>
</kw>
<status status="PASS" endtime="20140917 19:49:35.949" starttime="20140917 19:49:35.918"></status>
</kw>
<kw type="kw" name="Mark Location">
<doc></doc>
<arguments>
<arg>1</arg>
<arg>0</arg>
</arguments>
<kw type="kw" name="${component} = BuiltIn.Catenate">
<doc>Catenates the given items together and returns the resulted string.</doc>
<arguments>
<arg>SEPARATOR=</arg>
<arg>Location</arg>
<arg>${row}</arg>
<arg>${col}</arg>
</arguments>
<msg timestamp="20140917 19:49:35.967" level="INFO">${component} = Location10</msg>
<status status="PASS" endtime="20140917 19:49:35.966" starttime="20140917 19:49:35.957"></status>
</kw>
<kw type="kw" name="SwingLibrary.Click On Component">
<doc>Clicks on a component.</doc>
<arguments>
<arg>${component}</arg>
</arguments>
<status status="PASS" endtime="20140917 19:49:35.995" starttime="20140917 19:49:35.969"></status>
</kw>
<status status="PASS" endtime="20140917 19:49:35.997" starttime="20140917 19:49:35.951"></status>
</kw>
<kw type="kw" name="Check Location">
<doc></doc>
<arguments>
<arg>1</arg>
<arg>0</arg>
<arg>O</arg>
</arguments>
<kw type="kw" name="${component} = BuiltIn.Catenate">
<doc>Catenates the given items together and returns the resulted string.</doc>
<arguments>
<arg>SEPARATOR=</arg>
<arg>Location</arg>
<arg>${row}</arg>
<arg>${col}</arg>
</arguments>
<msg timestamp="20140917 19:49:36.013" level="INFO">${component} = Location10</msg>
<status status="PASS" endtime="20140917 19:49:36.012" starttime="20140917 19:49:36.005"></status>
</kw>
<kw type="kw" name="SwingLibrary.Label Text Should Be">
<doc>Checks the equality of given text and the text displayed on a label.</doc>
<arguments>
<arg>${component}</arg>
<arg>${mark}</arg>
</arguments>
<status status="PASS" endtime="20140917 19:49:36.025" starttime="20140917 19:49:36.016"></status>
</kw>
<status status="PASS" endtime="20140917 19:49:36.027" starttime="20140917 19:49:35.999"></status>
</kw>
<kw type="kw" name="Mark Location">
<doc></doc>
<arguments>
<arg>0</arg>
<arg>2</arg>
</arguments>
<kw type="kw" name="${component} = BuiltIn.Catenate">
<doc>Catenates the given items together and returns the resulted string.</doc>
<arguments>
<arg>SEPARATOR=</arg>
<arg>Location</arg>
<arg>${row}</arg>
<arg>${col}</arg>
</arguments>
<msg timestamp="20140917 19:49:36.045" level="INFO">${component} = Location02</msg>
<status status="PASS" endtime="20140917 19:49:36.044" starttime="20140917 19:49:36.038"></status>
</kw>
<kw type="kw" name="SwingLibrary.Click On Component">
<doc>Clicks on a component.</doc>
<arguments>
<arg>${component}</arg>
</arguments>
<status status="PASS" endtime="20140917 19:49:36.072" starttime="20140917 19:49:36.048"></status>
</kw>
<status status="PASS" endtime="20140917 19:49:36.075" starttime="20140917 19:49:36.032"></status>
</kw>
<kw type="kw" name="Check Location">
<doc></doc>
<arguments>
<arg>0</arg>
<arg>2</arg>
<arg>X</arg>
</arguments>
<kw type="kw" name="${component} = BuiltIn.Catenate">
<doc>Catenates the given items together and returns the resulted string.</doc>
<arguments>
<arg>SEPARATOR=</arg>
<arg>Location</arg>
<arg>${row}</arg>
<arg>${col}</arg>
</arguments>
<msg timestamp="20140917 19:49:36.092" level="INFO">${component} = Location02</msg>
<status status="PASS" endtime="20140917 19:49:36.091" starttime="20140917 19:49:36.085"></status>
</kw>
<kw type="kw" name="SwingLibrary.Label Text Should Be">
<doc>Checks the equality of given text and the text displayed on a label.</doc>
<arguments>
<arg>${component}</arg>
<arg>${mark}</arg>
</arguments>
<status status="PASS" endtime="20140917 19:49:36.146" starttime="20140917 19:49:36.095"></status>
</kw>
<status status="PASS" endtime="20140917 19:49:36.148" starttime="20140917 19:49:36.077"></status>
</kw>
<kw type="kw" name="Winner Should Be">
<doc></doc>
<arguments>
<arg>X</arg>
</arguments>
<kw type="kw" name="SwingLibrary.Select Dialog">
<doc>Selects a dialog as current context and sets focus to it.</doc>
<arguments>
<arg>Game Over</arg>
</arguments>
<status status="PASS" endtime="20140917 19:49:36.166" starttime="20140917 19:49:36.156"></status>
</kw>
<kw type="kw" name="${message} = BuiltIn.Catenate">
<doc>Catenates the given items together and returns the resulted string.</doc>
<arguments>
<arg>The winner is</arg>
<arg>${winner}</arg>
</arguments>
<msg timestamp="20140917 19:49:36.174" level="INFO">${message} = The winner is X</msg>
<status status="PASS" endtime="20140917 19:49:36.173" starttime="20140917 19:49:36.168"></status>
</kw>
<kw type="kw" name="SwingLibrary.Label Text Should Be">
<doc>Checks the equality of given text and the text displayed on a label.</doc>
<arguments>
<arg>OptionPane.label</arg>
<arg>${message}</arg>
</arguments>
<status status="PASS" endtime="20140917 19:49:36.186" starttime="20140917 19:49:36.176"></status>
</kw>
<kw type="kw" name="SwingLibrary.Close Dialog">
<doc>Closes a dialog.</doc>
<arguments>
<arg>Game Over</arg>
</arguments>
<status status="PASS" endtime="20140917 19:49:36.205" starttime="20140917 19:49:36.188"></status>
</kw>
<kw type="kw" name="SwingLibrary.Close Window">
<doc>Closes a window.</doc>
<arguments>
<arg>Tic Tac Toe</arg>
</arguments>
<status status="PASS" endtime="20140917 19:49:36.338" starttime="20140917 19:49:36.207"></status>
</kw>
<status status="PASS" endtime="20140917 19:49:36.340" starttime="20140917 19:49:36.151"></status>
</kw>
<doc></doc>
<tags>
</tags>
<status status="PASS" critical="yes" endtime="20140917 19:49:36.343" starttime="20140917 19:49:35.591"></status>
</test>
<test id="s1-t7" name="Win Second Horizontally as O">
<kw type="kw" name="Start New Game">
<doc></doc>
<arguments>
</arguments>
<kw type="kw" name="SwingLibrary.Start Application">
<doc>Alias for `Launch Application` keyword</doc>
<arguments>
<arg>edu.jsu.mcis.TicTacToeGame</arg>
</arguments>
<status status="PASS" endtime="20140917 19:49:36.445" starttime="20140917 19:49:36.379"></status>
</kw>
<kw type="kw" name="SwingLibrary.Select Window">
<doc>Selects a window as current context and sets focus to it.</doc>
<arguments>
<arg>Tic Tac Toe</arg>
</arguments>
<status status="PASS" endtime="20140917 19:49:36.483" starttime="20140917 19:49:36.447"></status>
</kw>
<status status="PASS" endtime="20140917 19:49:36.484" starttime="20140917 19:49:36.368"></status>
</kw>
<kw type="kw" name="Mark Location">
<doc></doc>
<arguments>
<arg>0</arg>
<arg>0</arg>
</arguments>
<kw type="kw" name="${component} = BuiltIn.Catenate">
<doc>Catenates the given items together and returns the resulted string.</doc>
<arguments>
<arg>SEPARATOR=</arg>
<arg>Location</arg>
<arg>${row}</arg>
<arg>${col}</arg>
</arguments>
<msg timestamp="20140917 19:49:36.501" level="INFO">${component} = Location00</msg>
<status status="PASS" endtime="20140917 19:49:36.500" starttime="20140917 19:49:36.493"></status>
</kw>
<kw type="kw" name="SwingLibrary.Click On Component">
<doc>Clicks on a component.</doc>
<arguments>
<arg>${component}</arg>
</arguments>
<status status="PASS" endtime="20140917 19:49:36.523" starttime="20140917 19:49:36.503"></status>
</kw>
<status status="PASS" endtime="20140917 19:49:36.524" starttime="20140917 19:49:36.487"></status>
</kw>
<kw type="kw" name="Check Location">
<doc></doc>
<arguments>
<arg>0</arg>
<arg>0</arg>
<arg>X</arg>
</arguments>
<kw type="kw" name="${component} = BuiltIn.Catenate">
<doc>Catenates the given items together and returns the resulted string.</doc>
<arguments>
<arg>SEPARATOR=</arg>
<arg>Location</arg>
<arg>${row}</arg>
<arg>${col}</arg>
</arguments>
<msg timestamp="20140917 19:49:36.544" level="INFO">${component} = Location00</msg>
<status status="PASS" endtime="20140917 19:49:36.540" starttime="20140917 19:49:36.534"></status>
</kw>
<kw type="kw" name="SwingLibrary.Label Text Should Be">
<doc>Checks the equality of given text and the text displayed on a label.</doc>
<arguments>
<arg>${component}</arg>
<arg>${mark}</arg>
</arguments>
<status status="PASS" endtime="20140917 19:49:36.559" starttime="20140917 19:49:36.547"></status>
</kw>
<status status="PASS" endtime="20140917 19:49:36.561" starttime="20140917 19:49:36.527"></status>
</kw>
<kw type="kw" name="Mark Location">
<doc></doc>
<arguments>
<arg>1</arg>
<arg>1</arg>
</arguments>
<kw type="kw" name="${component} = BuiltIn.Catenate">
<doc>Catenates the given items together and returns the resulted string.</doc>
<arguments>
<arg>SEPARATOR=</arg>
<arg>Location</arg>
<arg>${row}</arg>
<arg>${col}</arg>
</arguments>
<msg timestamp="20140917 19:49:36.580" level="INFO">${component} = Location11</msg>
<status status="PASS" endtime="20140917 19:49:36.578" starttime="20140917 19:49:36.572"></status>
</kw>
<kw type="kw" name="SwingLibrary.Click On Component">
<doc>Clicks on a component.</doc>
<arguments>
<arg>${component}</arg>
</arguments>
<status status="PASS" endtime="20140917 19:49:36.601" starttime="20140917 19:49:36.583"></status>
</kw>
<status status="PASS" endtime="20140917 19:49:36.602" starttime="20140917 19:49:36.565"></status>
</kw>
<kw type="kw" name="Check Location">
<doc></doc>
<arguments>
<arg>1</arg>
<arg>1</arg>
<arg>O</arg>
</arguments>
<kw type="kw" name="${component} = BuiltIn.Catenate">
<doc>Catenates the given items together and returns the resulted string.</doc>
<arguments>
<arg>SEPARATOR=</arg>
<arg>Location</arg>
<arg>${row}</arg>
<arg>${col}</arg>
</arguments>
<msg timestamp="20140917 19:49:36.619" level="INFO">${component} = Location11</msg>
<status status="PASS" endtime="20140917 19:49:36.618" starttime="20140917 19:49:36.611"></status>
</kw>
<kw type="kw" name="SwingLibrary.Label Text Should Be">
<doc>Checks the equality of given text and the text displayed on a label.</doc>
<arguments>
<arg>${component}</arg>
<arg>${mark}</arg>
</arguments>
<status status="PASS" endtime="20140917 19:49:36.631" starttime="20140917 19:49:36.621"></status>
</kw>
<status status="PASS" endtime="20140917 19:49:36.633" starttime="20140917 19:49:36.605"></status>
</kw>
<kw type="kw" name="Mark Location">
<doc></doc>
<arguments>
<arg>0</arg>
<arg>1</arg>
</arguments>
<kw type="kw" name="${component} = BuiltIn.Catenate">
<doc>Catenates the given items together and returns the resulted string.</doc>
<arguments>
<arg>SEPARATOR=</arg>
<arg>Location</arg>
<arg>${row}</arg>
<arg>${col}</arg>
</arguments>
<msg timestamp="20140917 19:49:36.657" level="INFO">${component} = Location01</msg>
<status status="PASS" endtime="20140917 19:49:36.648" starttime="20140917 19:49:36.641"></status>
</kw>
<kw type="kw" name="SwingLibrary.Click On Component">
<doc>Clicks on a component.</doc>
<arguments>
<arg>${component}</arg>
</arguments>
<status status="PASS" endtime="20140917 19:49:36.682" starttime="20140917 19:49:36.662"></status>
</kw>
<status status="PASS" endtime="20140917 19:49:36.684" starttime="20140917 19:49:36.636"></status>
</kw>
<kw type="kw" name="Check Location">
<doc></doc>
<arguments>
<arg>0</arg>
<arg>1</arg>
<arg>X</arg>
</arguments>
<kw type="kw" name="${component} = BuiltIn.Catenate">
<doc>Catenates the given items together and returns the resulted string.</doc>
<arguments>
<arg>SEPARATOR=</arg>
<arg>Location</arg>
<arg>${row}</arg>
<arg>${col}</arg>
</arguments>
<msg timestamp="20140917 19:49:36.700" level="INFO">${component} = Location01</msg>
<status status="PASS" endtime="20140917 19:49:36.699" starttime="20140917 19:49:36.692"></status>
</kw>
<kw type="kw" name="SwingLibrary.Label Text Should Be">
<doc>Checks the equality of given text and the text displayed on a label.</doc>
<arguments>
<arg>${component}</arg>
<arg>${mark}</arg>
</arguments>
<status status="PASS" endtime="20140917 19:49:36.712" starttime="20140917 19:49:36.702"></status>
</kw>
<status status="PASS" endtime="20140917 19:49:36.714" starttime="20140917 19:49:36.686"></status>
</kw>
<kw type="kw" name="Mark Location">
<doc></doc>
<arguments>
<arg>1</arg>
<arg>0</arg>
</arguments>
[...]
<doc>Closes a dialog.</doc>
<arguments>
<arg>Game Over</arg>
</arguments>
<status status="PASS" endtime="20140917 19:49:37.835" starttime="20140917 19:49:37.817"></status>
</kw>
<kw type="kw" name="SwingLibrary.Close Window">
<doc>Closes a window.</doc>
<arguments>
<arg>Tic Tac Toe</arg>
</arguments>
<status status="PASS" endtime="20140917 19:49:37.970" starttime="20140917 19:49:37.838"></status>
</kw>
<status status="PASS" endtime="20140917 19:49:37.972" starttime="20140917 19:49:37.781"></status>
</kw>
<doc></doc>
<tags>
</tags>
<status status="PASS" critical="yes" endtime="20140917 19:49:37.974" starttime="20140917 19:49:37.168"></status>
</test>
<test id="s1-t9" name="Force a Tie">
<kw type="kw" name="Start New Game">
<doc></doc>
<arguments>
</arguments>
<kw type="kw" name="SwingLibrary.Start Application">
<doc>Alias for `Launch Application` keyword</doc>
<arguments>
<arg>edu.jsu.mcis.TicTacToeGame</arg>
</arguments>
<status status="PASS" endtime="20140917 19:49:38.035" starttime="20140917 19:49:37.995"></status>
</kw>
<kw type="kw" name="SwingLibrary.Select Window">
<doc>Selects a window as current context and sets focus to it.</doc>
<arguments>
<arg>Tic Tac Toe</arg>
</arguments>
<status status="PASS" endtime="20140917 19:49:38.088" starttime="20140917 19:49:38.038"></status>
</kw>
<status status="PASS" endtime="20140917 19:49:38.090" starttime="20140917 19:49:37.989"></status>
</kw>
<kw type="kw" name="Mark Location">
<doc></doc>
<arguments>
<arg>1</arg>
<arg>1</arg>
</arguments>
<kw type="kw" name="${component} = BuiltIn.Catenate">
<doc>Catenates the given items together and returns the resulted string.</doc>
<arguments>
<arg>SEPARATOR=</arg>
<arg>Location</arg>
<arg>${row}</arg>
<arg>${col}</arg>
</arguments>
<msg timestamp="20140917 19:49:38.112" level="INFO">${component} = Location11</msg>
<status status="PASS" endtime="20140917 19:49:38.111" starttime="20140917 19:49:38.104"></status>
</kw>
<kw type="kw" name="SwingLibrary.Click On Component">
<doc>Clicks on a component.</doc>
<arguments>
<arg>${component}</arg>
</arguments>
<status status="PASS" endtime="20140917 19:49:38.143" starttime="20140917 19:49:38.115"></status>
</kw>
<status status="PASS" endtime="20140917 19:49:38.145" starttime="20140917 19:49:38.096"></status>
</kw>
<kw type="kw" name="Check Location">
<doc></doc>
<arguments>
<arg>1</arg>
<arg>1</arg>
<arg>X</arg>
</arguments>
<kw type="kw" name="${component} = BuiltIn.Catenate">
<doc>Catenates the given items together and returns the resulted string.</doc>
<arguments>
<arg>SEPARATOR=</arg>
<arg>Location</arg>
<arg>${row}</arg>
<arg>${col}</arg>
</arguments>
<msg timestamp="20140917 19:49:38.166" level="INFO">${component} = Location11</msg>
<status status="PASS" endtime="20140917 19:49:38.164" starttime="20140917 19:49:38.155"></status>
</kw>
<kw type="kw" name="SwingLibrary.Label Text Should Be">
<doc>Checks the equality of given text and the text displayed on a label.</doc>
<arguments>
<arg>${component}</arg>
<arg>${mark}</arg>
</arguments>
<status status="PASS" endtime="20140917 19:49:38.178" starttime="20140917 19:49:38.168"></status>
</kw>
<status status="PASS" endtime="20140917 19:49:38.180" starttime="20140917 19:49:38.150"></status>
</kw>
<kw type="kw" name="Mark Location">
<doc></doc>
<arguments>
<arg>0</arg>
<arg>0</arg>
</arguments>
<kw type="kw" name="${component} = BuiltIn.Catenate">
<doc>Catenates the given items together and returns the resulted string.</doc>
<arguments>
<arg>SEPARATOR=</arg>
<arg>Location</arg>
<arg>${row}</arg>
<arg>${col}</arg>
</arguments>
<msg timestamp="20140917 19:49:38.198" level="INFO">${component} = Location00</msg>
<status status="PASS" endtime="20140917 19:49:38.196" starttime="20140917 19:49:38.188"></status>
</kw>
<kw type="kw" name="SwingLibrary.Click On Component">
<doc>Clicks on a component.</doc>
<arguments>
<arg>${component}</arg>
</arguments>
<status status="PASS" endtime="20140917 19:49:38.219" starttime="20140917 19:49:38.201"></status>
</kw>
<status status="PASS" endtime="20140917 19:49:38.222" starttime="20140917 19:49:38.182"></status>
</kw>
<kw type="kw" name="Check Location">
<doc></doc>
<arguments>
<arg>0</arg>
<arg>0</arg>
<arg>O</arg>
</arguments>
<kw type="kw" name="${component} = BuiltIn.Catenate">
<doc>Catenates the given items together and returns the resulted string.</doc>
<arguments>
<arg>SEPARATOR=</arg>
<arg>Location</arg>
<arg>${row}</arg>
<arg>${col}</arg>
</arguments>
<msg timestamp="20140917 19:49:38.239" level="INFO">${component} = Location00</msg>
<status status="PASS" endtime="20140917 19:49:38.238" starttime="20140917 19:49:38.232"></status>
</kw>
<kw type="kw" name="SwingLibrary.Label Text Should Be">
<doc>Checks the equality of given text and the text displayed on a label.</doc>
<arguments>
<arg>${component}</arg>
<arg>${mark}</arg>
</arguments>
<status status="PASS" endtime="20140917 19:49:38.254" starttime="20140917 19:49:38.241"></status>
</kw>
<status status="PASS" endtime="20140917 19:49:38.256" starttime="20140917 19:49:38.224"></status>
</kw>
<kw type="kw" name="Mark Location">
<doc></doc>
<arguments>
<arg>2</arg>
<arg>0</arg>
</arguments>
<kw type="kw" name="${component} = BuiltIn.Catenate">
<doc>Catenates the given items together and returns the resulted string.</doc>
<arguments>
<arg>SEPARATOR=</arg>
<arg>Location</arg>
<arg>${row}</arg>
<arg>${col}</arg>
</arguments>
<msg timestamp="20140917 19:49:38.273" level="INFO">${component} = Location20</msg>
<status status="PASS" endtime="20140917 19:49:38.272" starttime="20140917 19:49:38.266"></status>
</kw>
<kw type="kw" name="SwingLibrary.Click On Component">
<doc>Clicks on a component.</doc>
<arguments>
<arg>${component}</arg>
</arguments>
<status status="PASS" endtime="20140917 19:49:38.290" starttime="20140917 19:49:38.275"></status>
</kw>
<status status="PASS" endtime="20140917 19:49:38.292" starttime="20140917 19:49:38.258"></status>
</kw>
<kw type="kw" name="Check Location">
<doc></doc>
<arguments>
<arg>2</arg>
<arg>0</arg>
<arg>X</arg>
</arguments>
<kw type="kw" name="${component} = BuiltIn.Catenate">
<doc>Catenates the given items together and returns the resulted string.</doc>
<arguments>
<arg>SEPARATOR=</arg>
<arg>Location</arg>
<arg>${row}</arg>
<arg>${col}</arg>
</arguments>
<msg timestamp="20140917 19:49:38.307" level="INFO">${component} = Location20</msg>
<status status="PASS" endtime="20140917 19:49:38.306" starttime="20140917 19:49:38.301"></status>
</kw>
<kw type="kw" name="SwingLibrary.Label Text Should Be">
<doc>Checks the equality of given text and the text displayed on a label.</doc>
<arguments>
<arg>${component}</arg>
<arg>${mark}</arg>
</arguments>
<status status="PASS" endtime="20140917 19:49:38.319" starttime="20140917 19:49:38.309"></status>
</kw>
<status status="PASS" endtime="20140917 19:49:38.320" starttime="20140917 19:49:38.294"></status>
</kw>
<kw type="kw" name="Mark Location">
<doc></doc>
<arguments>
<arg>0</arg>
<arg>2</arg>
</arguments>
<kw type="kw" name="${component} = BuiltIn.Catenate">
<doc>Catenates the given items together and returns the resulted string.</doc>
<arguments>
<arg>SEPARATOR=</arg>
<arg>Location</arg>
<arg>${row}</arg>
<arg>${col}</arg>
</arguments>
<msg timestamp="20140917 19:49:38.347" level="INFO">${component} = Location02</msg>
<status status="PASS" endtime="20140917 19:49:38.345" starttime="20140917 19:49:38.339"></status>
</kw>
<kw type="kw" name="SwingLibrary.Click On Component">
<doc>Clicks on a component.</doc>
<arguments>
<arg>${component}</arg>
</arguments>
<status status="PASS" endtime="20140917 19:49:38.365" starttime="20140917 19:49:38.349"></status>
</kw>
<status status="PASS" endtime="20140917 19:49:38.367" starttime="20140917 19:49:38.324"></status>
</kw>
<kw type="kw" name="Check Location">
<doc></doc>
<arguments>
<arg>0</arg>
<arg>2</arg>
<arg>O</arg>
</arguments>
<kw type="kw" name="${component} = BuiltIn.Catenate">
<doc>Catenates the given items together and returns the resulted string.</doc>
<arguments>
<arg>SEPARATOR=</arg>
<arg>Location</arg>
<arg>${row}</arg>
<arg>${col}</arg>
</arguments>
<msg timestamp="20140917 19:49:38.382" level="INFO">${component} = Location02</msg>
<status status="PASS" endtime="20140917 19:49:38.381" starttime="20140917 19:49:38.375"></status>
</kw>
<kw type="kw" name="SwingLibrary.Label Text Should Be">
<doc>Checks the equality of given text and the text displayed on a label.</doc>
<arguments>
<arg>${component}</arg>
<arg>${mark}</arg>
</arguments>
<status status="PASS" endtime="20140917 19:49:38.393" starttime="20140917 19:49:38.384"></status>
</kw>
<status status="PASS" endtime="20140917 19:49:38.395" starttime="20140917 19:49:38.369"></status>
</kw>
<kw type="kw" name="Mark Location">
<doc></doc>
<arguments>
<arg>0</arg>
<arg>1</arg>
</arguments>
<kw type="kw" name="${component} = BuiltIn.Catenate">
<doc>Catenates the given items together and returns the resulted string.</doc>
<arguments>
<arg>SEPARATOR=</arg>
<arg>Location</arg>
<arg>${row}</arg>
<arg>${col}</arg>
</arguments>
<msg timestamp="20140917 19:49:38.411" level="INFO">${component} = Location01</msg>
<status status="PASS" endtime="20140917 19:49:38.409" starttime="20140917 19:49:38.403"></status>
</kw>
<kw type="kw" name="SwingLibrary.Click On Component">
<doc>Clicks on a component.</doc>
<arguments>
<arg>${component}</arg>
</arguments>
<status status="PASS" endtime="20140917 19:49:38.430" starttime="20140917 19:49:38.413"></status>
</kw>
<status status="PASS" endtime="20140917 19:49:38.433" starttime="20140917 19:49:38.398"></status>
</kw>
<kw type="kw" name="Check Location">
<doc></doc>
<arguments>
<arg>0</arg>
<arg>1</arg>
<arg>X</arg>
</arguments>
<kw type="kw" name="${component} = BuiltIn.Catenate">
<doc>Catenates the given items together and returns the resulted string.</doc>
<arguments>
<arg>SEPARATOR=</arg>
<arg>Location</arg>
<arg>${row}</arg>
<arg>${col}</arg>
</arguments>
<msg timestamp="20140917 19:49:38.447" level="INFO">${component} = Location01</msg>
<status status="PASS" endtime="20140917 19:49:38.446" starttime="20140917 19:49:38.440"></status>
</kw>
<kw type="kw" name="SwingLibrary.Label Text Should Be">
<doc>Checks the equality of given text and the text displayed on a label.</doc>
<arguments>
<arg>${component}</arg>
<arg>${mark}</arg>
</arguments>
<status status="PASS" endtime="20140917 19:49:38.459" starttime="20140917 19:49:38.450"></status>
</kw>
<status status="PASS" endtime="20140917 19:49:38.461" starttime="20140917 19:49:38.435"></status>
</kw>
<kw type="kw" name="Mark Location">
<doc></doc>
<arguments>
<arg>2</arg>
<arg>1</arg>
</arguments>
<kw type="kw" name="${component} = BuiltIn.Catenate">
<doc>Catenates the given items together and returns the resulted string.</doc>
<arguments>
<arg>SEPARATOR=</arg>
<arg>Location</arg>
<arg>${row}</arg>
<arg>${col}</arg>
</arguments>
<msg timestamp="20140917 19:49:38.475" level="INFO">${component} = Location21</msg>
<status status="PASS" endtime="20140917 19:49:38.474" starttime="20140917 19:49:38.468"></status>
</kw>
<kw type="kw" name="SwingLibrary.Click On Component">
<doc>Clicks on a component.</doc>
<arguments>
<arg>${component}</arg>
</arguments>
<status status="PASS" endtime="20140917 19:49:38.492" starttime="20140917 19:49:38.477"></status>
</kw>
<status status="PASS" endtime="20140917 19:49:38.494" starttime="20140917 19:49:38.463"></status>
</kw>
<kw type="kw" name="Check Location">
<doc></doc>
<arguments>
<arg>2</arg>
<arg>1</arg>
<arg>O</arg>
</arguments>
<kw type="kw" name="${component} = BuiltIn.Catenate">
<doc>Catenates the given items together and returns the resulted string.</doc>
<arguments>
<arg>SEPARATOR=</arg>
<arg>Location</arg>
<arg>${row}</arg>
<arg>${col}</arg>
</arguments>
<msg timestamp="20140917 19:49:38.509" level="INFO">${component} = Location21</msg>
<status status="PASS" endtime="20140917 19:49:38.508" starttime="20140917 19:49:38.502"></status>
</kw>
<kw type="kw" name="SwingLibrary.Label Text Should Be">
<doc>Checks the equality of given text and the text displayed on a label.</doc>
<arguments>
<arg>${component}</arg>
<arg>${mark}</arg>
</arguments>
<status status="PASS" endtime="20140917 19:49:38.529" starttime="20140917 19:49:38.520"></status>
</kw>
<status status="PASS" endtime="20140917 19:49:38.531" starttime="20140917 19:49:38.496"></status>
</kw>
<kw type="kw" name="Mark Location">
<doc></doc>
<arguments>
<arg>1</arg>
<arg>2</arg>
</arguments>
<kw type="kw" name="${component} = BuiltIn.Catenate">
<doc>Catenates the given items together and returns the resulted string.</doc>
<arguments>
<arg>SEPARATOR=</arg>
<arg>Location</arg>
<arg>${row}</arg>
<arg>${col}</arg>
</arguments>
<msg timestamp="20140917 19:49:38.546" level="INFO">${component} = Location12</msg>
<status status="PASS" endtime="20140917 19:49:38.545" starttime="20140917 19:49:38.539"></status>
</kw>
<kw type="kw" name="SwingLibrary.Click On Component">
<doc>Clicks on a component.</doc>
<arguments>
<arg>${component}</arg>
</arguments>
<status status="PASS" endtime="20140917 19:49:38.564" starttime="20140917 19:49:38.548"></status>
</kw>
<status status="PASS" endtime="20140917 19:49:38.566" starttime="20140917 19:49:38.533"></status>
</kw>
<kw type="kw" name="Check Location">
<doc></doc>
<arguments>
<arg>1</arg>
<arg>2</arg>
<arg>X</arg>
</arguments>
<kw type="kw" name="${component} = BuiltIn.Catenate">
<doc>Catenates the given items together and returns the resulted string.</doc>
<arguments>
<arg>SEPARATOR=</arg>
<arg>Location</arg>
<arg>${row}</arg>
<arg>${col}</arg>
</arguments>
<msg timestamp="20140917 19:49:38.581" level="INFO">${component} = Location12</msg>
<status status="PASS" endtime="20140917 19:49:38.579" starttime="20140917 19:49:38.574"></status>
</kw>
<kw type="kw" name="SwingLibrary.Label Text Should Be">
<doc>Checks the equality of given text and the text displayed on a label.</doc>
<arguments>
<arg>${component}</arg>
<arg>${mark}</arg>
</arguments>
<status status="PASS" endtime="20140917 19:49:38.592" starttime="20140917 19:49:38.583"></status>
</kw>
<status status="PASS" endtime="20140917 19:49:38.594" starttime="20140917 19:49:38.568"></status>
</kw>
<kw type="kw" name="Mark Location">
<doc></doc>
<arguments>
<arg>1</arg>
<arg>0</arg>
</arguments>
<kw type="kw" name="${component} = BuiltIn.Catenate">
<doc>Catenates the given items together and returns the resulted string.</doc>
<arguments>
<arg>SEPARATOR=</arg>
<arg>Location</arg>
<arg>${row}</arg>
<arg>${col}</arg>
</arguments>
<msg timestamp="20140917 19:49:38.608" level="INFO">${component} = Location10</msg>
<status status="PASS" endtime="20140917 19:49:38.607" starttime="20140917 19:49:38.602"></status>
</kw>
<kw type="kw" name="SwingLibrary.Click On Component">
<doc>Clicks on a component.</doc>
<arguments>
<arg>${component}</arg>
</arguments>
<status status="PASS" endtime="20140917 19:49:38.625" starttime="20140917 19:49:38.610"></status>
</kw>
<status status="PASS" endtime="20140917 19:49:38.627" starttime="20140917 19:49:38.596"></status>
</kw>
<kw type="kw" name="Check Location">
<doc></doc>
<arguments>
<arg>1</arg>
<arg>0</arg>
<arg>O</arg>
</arguments>
<kw type="kw" name="${component} = BuiltIn.Catenate">
<doc>Catenates the given items together and returns the resulted string.</doc>
<arguments>
<arg>SEPARATOR=</arg>
<arg>Location</arg>
<arg>${row}</arg>
<arg>${col}</arg>
</arguments>
<msg timestamp="20140917 19:49:38.641" level="INFO">${component} = Location10</msg>
<status status="PASS" endtime="20140917 19:49:38.640" starttime="20140917 19:49:38.635"></status>
</kw>
<kw type="kw" name="SwingLibrary.Label Text Should Be">
<doc>Checks the equality of given text and the text displayed on a label.</doc>
<arguments>
<arg>${component}</arg>
<arg>${mark}</arg>
</arguments>
<status status="PASS" endtime="20140917 19:49:38.652" starttime="20140917 19:49:38.643"></status>
</kw>
<status status="PASS" endtime="20140917 19:49:38.654" starttime="20140917 19:49:38.629"></status>
</kw>
<kw type="kw" name="Mark Location">
<doc></doc>
<arguments>
<arg>2</arg>
<arg>2</arg>
</arguments>
<kw type="kw" name="${component} = BuiltIn.Catenate">
<doc>Catenates the given items together and returns the resulted string.</doc>
<arguments>
<arg>SEPARATOR=</arg>
<arg>Location</arg>
<arg>${row}</arg>
<arg>${col}</arg>
</arguments>
<msg timestamp="20140917 19:49:38.670" level="INFO">${component} = Location22</msg>
<status status="PASS" endtime="20140917 19:49:38.669" starttime="20140917 19:49:38.663"></status>
</kw>
<kw type="kw" name="SwingLibrary.Click On Component">
<doc>Clicks on a component.</doc>
<arguments>
<arg>${component}</arg>
</arguments>
<status status="PASS" endtime="20140917 19:49:38.696" starttime="20140917 19:49:38.672"></status>
</kw>
<status status="PASS" endtime="20140917 19:49:38.698" starttime="20140917 19:49:38.657"></status>
</kw>
<kw type="kw" name="Check Location">
<doc></doc>
<arguments>
<arg>2</arg>
<arg>2</arg>
<arg>X</arg>
</arguments>
<kw type="kw" name="${component} = BuiltIn.Catenate">
<doc>Catenates the given items together and returns the resulted string.</doc>
<arguments>
<arg>SEPARATOR=</arg>
<arg>Location</arg>
<arg>${row}</arg>
<arg>${col}</arg>
</arguments>
<msg timestamp="20140917 19:49:38.722" level="INFO">${component} = Location22</msg>
<status status="PASS" endtime="20140917 19:49:38.721" starttime="20140917 19:49:38.707"></status>
</kw>
<kw type="kw" name="SwingLibrary.Label Text Should Be">
<doc>Checks the equality of given text and the text displayed on a label.</doc>
<arguments>
<arg>${component}</arg>
<arg>${mark}</arg>
</arguments>
<status status="PASS" endtime="20140917 19:49:38.776" starttime="20140917 19:49:38.724"></status>
</kw>
<status status="PASS" endtime="20140917 19:49:38.778" starttime="20140917 19:49:38.701"></status>
</kw>
<kw type="kw" name="Winner Should Be">
<doc></doc>
<arguments>
<arg>TIE</arg>
</arguments>
<kw type="kw" name="SwingLibrary.Select Dialog">
<doc>Selects a dialog as current context and sets focus to it.</doc>
<arguments>
<arg>Game Over</arg>
</arguments>
<status status="PASS" endtime="20140917 19:49:38.794" starttime="20140917 19:49:38.786"></status>
</kw>
<kw type="kw" name="${message} = BuiltIn.Catenate">
<doc>Catenates the given items together and returns the resulted string.</doc>
<arguments>
<arg>The winner is</arg>
<arg>${winner}</arg>
</arguments>
<msg timestamp="20140917 19:49:38.803" level="INFO">${message} = The winner is TIE</msg>
<status status="PASS" endtime="20140917 19:49:38.802" starttime="20140917 19:49:38.797"></status>
</kw>
<kw type="kw" name="SwingLibrary.Label Text Should Be">
<doc>Checks the equality of given text and the text displayed on a label.</doc>
<arguments>
<arg>OptionPane.label</arg>
<arg>${message}</arg>
</arguments>
<status status="PASS" endtime="20140917 19:49:38.814" starttime="20140917 19:49:38.805"></status>
</kw>
<kw type="kw" name="SwingLibrary.Close Dialog">
<doc>Closes a dialog.</doc>
<arguments>
<arg>Game Over</arg>
</arguments>
<status status="PASS" endtime="20140917 19:49:38.832" starttime="20140917 19:49:38.816"></status>
</kw>
<kw type="kw" name="SwingLibrary.Close Window">
<doc>Closes a window.</doc>
<arguments>
<arg>Tic Tac Toe</arg>
</arguments>
<status status="PASS" endtime="20140917 19:49:38.976" starttime="20140917 19:49:38.834"></status>
</kw>
<status status="PASS" endtime="20140917 19:49:38.978" starttime="20140917 19:49:38.781"></status>
</kw>
<doc></doc>
<tags>
</tags>
<status status="PASS" critical="yes" endtime="20140917 19:49:38.981" starttime="20140917 19:49:37.982"></status>
</test>
<doc></doc>
<metadata>
</metadata>
<status status="PASS" endtime="20140917 19:49:39.015" starttime="20140917 19:49:27.586"></status>
</suite>
<statistics>
<total>
<stat pass="9" fail="0">Critical Tests</stat>
<stat pass="9" fail="0">All Tests</stat>
</total>
<tag>
</tag>
<suite>
<stat pass="9" id="s1" fail="0" name="TicTacToeGUITests">TicTacToeGUITests</stat>
</suite>
</statistics>
<errors>
</errors>
</robot>
